2013/11/22 10:24:31 	I 	kuaipan 	00001868:000018cc 	CAppKuaipan::Init() Skin Path:D:\Program Files (x86)\Kingsoft\Klive\skin\. 	FL:(null)(103)
2013/11/22 10:24:31 	T 	kuaipan 	00001868:000018cc 	Get Register Key/Value HKEY_CURRENT_USER\Software\KLive\DiskType Failed! 	FL:xliveshell_hlp.h(1488)
2013/11/22 10:24:31 	T 	kuaipan 	00001868:000018cc 	Get Register Key/Value HKEY_CURRENT_USER\Software\KLive\processorNum Failed! 	FL:xliveshell_hlp.h(1488)
2013/11/22 10:24:31 	I 	kuaipan 	00001868:000018cc 	SetProcessAffinityMask processor num = 3 	FL:(null)(56)
2013/11/22 10:24:31 	I 	kuaipan 	00001868:000018cc 	CAppKuaipan::ProcessCmdLine -infohttp "infotype='uninstall_start' ppn='klivesetup_2052_3.11.15.15.exe->QQ.exe->explorer.exe'" 	FL:(null)(342)
2013/11/22 10:24:31 	I 	kuaipan 	00001868:000018cc 	infotype='uninstall_start' ppn='klivesetup_2052_3.11.15.15.exe->QQ.exe->explorer.exe' 	FL:infocollection.cpp(392)
2013/11/22 10:24:31 	I 	kuaipan 	00001868:000018cc 	key:infotype, value:uninstall_start 	FL:infocollection.cpp(423)
2013/11/22 10:24:31 	I 	kuaipan 	00001868:000018cc 	key:ppn, value:klivesetup_2052_3.11.15.15.exe->QQ.exe->explorer.exe 	FL:infocollection.cpp(423)
2013/11/22 10:24:33 	I 	kuaipan 	00000904:000011d4 	CAppKuaipan::Init() Skin Path:D:\Program Files (x86)\Kingsoft\Klive\skin\. 	FL:(null)(103)
2013/11/22 10:24:33 	T 	kuaipan 	00000904:000011d4 	Get Register Key/Value HKEY_CURRENT_USER\Software\KLive\DiskType Failed! 	FL:xliveshell_hlp.h(1488)
2013/11/22 10:24:33 	T 	kuaipan 	00000904:000011d4 	Get Register Key/Value HKEY_CURRENT_USER\Software\KLive\processorNum Failed! 	FL:xliveshell_hlp.h(1488)
2013/11/22 10:24:33 	I 	kuaipan 	00000904:000011d4 	SetProcessAffinityMask processor num = 3 	FL:(null)(56)
2013/11/22 10:24:33 	I 	kuaipan 	00000904:000011d4 	CAppKuaipan::ProcessCmdLine -saveunistallinfo  	FL:(null)(342)
2013/11/22 10:24:33 	I 	kuaipan 	00000904:000011d4 	 	FL:(null)(445)
2013/11/22 10:24:36 	I 	kuaipan 	000015c8:000011c0 	CAppKuaipan::Init() Skin Path:d:\Program Files (x86)\Kingsoft\Klive\skin\. 	FL:(null)(103)
2013/11/22 10:24:36 	T 	kuaipan 	000015c8:000011c0 	Get Register Key/Value HKEY_CURRENT_USER\Software\KLive\DiskType Failed! 	FL:xliveshell_hlp.h(1488)
2013/11/22 10:24:36 	T 	kuaipan 	000015c8:000011c0 	Get Register Key/Value HKEY_CURRENT_USER\Software\KLive\processorNum Failed! 	FL:xliveshell_hlp.h(1488)
2013/11/22 10:24:36 	I 	kuaipan 	000015c8:000011c0 	SetProcessAffinityMask processor num = 3 	FL:(null)(56)
2013/11/22 10:24:36 	I 	kuaipan 	000015c8:000011c0 	CAppKuaipan::ProcessCmdLine -infohttp "infotype='reinstall' channel='0101-0201-001'" 	FL:(null)(342)
2013/11/22 10:24:36 	I 	kuaipan 	000015c8:000011c0 	infotype='reinstall' channel='0101-0201-001' 	FL:infocollection.cpp(392)
2013/11/22 10:24:36 	I 	kuaipan 	000015c8:000011c0 	key:infotype, value:reinstall 	FL:infocollection.cpp(423)
2013/11/22 10:24:36 	I 	kuaipan 	000015c8:000011c0 	key:channel, value:0101-0201-001 	FL:infocollection.cpp(423)
2013/11/22 10:24:36 	T 	kuaipan 	000015c8:000011c0 	Get Register Key/Value HKEY_CURRENT_USER\Software\KLive\pid Failed! 	FL:../../xliveshell_hlp.h(1488)
2013/11/22 10:24:42 	I 	kuaipan 	000019ec:00001774 	CAppKuaipan::Init() Skin Path:D:\Program Files (x86)\Kingsoft\Klive\skin\. 	FL:(null)(103)
2013/11/22 10:24:42 	T 	kuaipan 	000019ec:00001774 	Get Register Key/Value HKEY_CURRENT_USER\Software\KLive\DiskType Failed! 	FL:xliveshell_hlp.h(1488)
2013/11/22 10:24:42 	T 	kuaipan 	000019ec:00001774 	Get Register Key/Value HKEY_CURRENT_USER\Software\KLive\processorNum Failed! 	FL:xliveshell_hlp.h(1488)
2013/11/22 10:24:42 	I 	kuaipan 	000019ec:00001774 	SetProcessAffinityMask processor num = 3 	FL:(null)(56)
2013/11/22 10:24:42 	I 	kuaipan 	000019ec:00001774 	CAppKuaipan::ProcessCmdLine -setup 	FL:(null)(342)
2013/11/22 10:24:43 	I 	kuaipan 	00000f28:00001030 	CAppKuaipan::Init() Skin Path:D:\Program Files (x86)\Kingsoft\Klive\skin\. 	FL:(null)(103)
2013/11/22 10:24:43 	T 	kuaipan 	00000f28:00001030 	Get Register Key/Value HKEY_CURRENT_USER\Software\KLive\DiskType Failed! 	FL:xliveshell_hlp.h(1488)
2013/11/22 10:24:43 	T 	kuaipan 	00000f28:00001030 	Get Register Key/Value HKEY_CURRENT_USER\Software\KLive\processorNum Failed! 	FL:xliveshell_hlp.h(1488)
2013/11/22 10:24:43 	I 	kuaipan 	00000f28:00001030 	SetProcessAffinityMask processor num = 3 	FL:(null)(56)
2013/11/22 10:24:43 	I 	kuaipan 	00000f28:00001030 	CAppKuaipan::ProcessCmdLine -infohttp "infotype='reinstall_start' ppn='firefox.exe->QQProtect.exe'" 	FL:(null)(342)
2013/11/22 10:24:43 	I 	kuaipan 	00000f28:00001030 	infotype='reinstall_start' ppn='firefox.exe->QQProtect.exe' 	FL:infocollection.cpp(392)
2013/11/22 10:24:43 	I 	kuaipan 	00000f28:00001030 	key:infotype, value:reinstall_start 	FL:infocollection.cpp(423)
2013/11/22 10:24:43 	T 	kuaipan 	000019ec:00001774 	CTraceStack In, CThreadManage::Init : (null) 	FL:threadmanage.cpp(42)
2013/11/22 10:24:43 	I 	kuaipan 	00000f28:00001030 	key:ppn, value:firefox.exe->QQProtect.exe 	FL:infocollection.cpp(423)
2013/11/22 10:24:43 	T 	kuaipan 	000019ec:00001774 	CTraceStack Out,CThreadManage::Init : hr = 0, UserTime: 0'.0' 	FL:threadmanage.cpp(42)
2013/11/22 10:24:43 	T 	kuaipan 	000019ec:00001774 	CTraceStack In, CThreadPool::Run : (null) 	FL:threadpool.cpp(104)
2013/11/22 10:24:43 	T 	kuaipan 	000019ec:00001774 	CTraceStack Out,CThreadPool::Run : UserTime: 0'.0'' 	FL:threadpool.cpp(104)
2013/11/22 10:24:43 	T 	kuaipan 	000019ec:00001774 	CTraceStack In, CXTrayIcon::Init : (null) 	FL:XTrayIcon.cpp(78)
2013/11/22 10:24:43 	T 	kuaipan 	000019ec:00001774 	CTraceStack Out,CXTrayIcon::Init : UserTime: 0'.468'' 	FL:XTrayIcon.cpp(78)
2013/11/22 10:24:43 	T 	kuaipan 	000019ec:00001774 	CTraceStack In, CThreadPool::Run : (null) 	FL:threadpool.cpp(104)
2013/11/22 10:24:43 	T 	kuaipan 	000019ec:00001774 	CTraceStack Out,CThreadPool::Run : UserTime: 0'.15'' 	FL:threadpool.cpp(104)
2013/11/22 10:24:43 	T 	kuaipan 	000019ec:00001774 	CTraceStack In, CThreadPool::Run : (null) 	FL:threadpool.cpp(104)
2013/11/22 10:24:43 	T 	kuaipan 	000019ec:00001774 	CTraceStack Out,CThreadPool::Run : UserTime: 0'.0'' 	FL:threadpool.cpp(104)
2013/11/22 10:24:43 	T 	kuaipan 	000019ec:00000e64 	CTraceStack In, CUpLive::_GetAssignSvrUrl() : (null) 	FL:UpLive.cpp(842)
2013/11/22 10:24:43 	I 	kuaipan 	000019ec:00000e64 	current version is: 3.11.15.15 	FL:UpLive.cpp(847)
2013/11/22 10:24:43 	T 	kuaipan 	000019ec:00001568 	CTraceStack In, CMainForm::Start : (null) 	FL:MainForm.cpp(2148)
2013/11/22 10:24:43 	T 	kuaipan 	000019ec:00001568 	CTraceStack In, CsyncCenter::IsUserMounted : (null) 	FL:EncryptDisk.cpp(169)
2013/11/22 10:24:43 	I 	kuaipan 	000019ec:00000e64 	CUpLive::_GetAssignSvrUrl(): No need Update. 	FL:UpLive.cpp(900)
2013/11/22 10:24:43 	T 	kuaipan 	000019ec:00000e64 	CTraceStack Out,CUpLive::_GetAssignSvrUrl() : hr = 1, UserTime: 0'.156' 	FL:UpLive.cpp(842)
2013/11/22 10:24:43 	T 	kuaipan 	000019ec:00001568 	CTraceStack Out,CsyncCenter::IsUserMounted : UserTime: 0'.124'' 	FL:EncryptDisk.cpp(169)
2013/11/22 10:24:43 	T 	kuaipan 	000019ec:00001568 	CTraceStack In, CXLiveController::CanTryLogin : (null) 	FL:XLiveController.cpp(308)
2013/11/22 10:24:43 	T 	kuaipan 	000019ec:00001568 	CTraceStack Out,CXLiveController::CanTryLogin : UserTime: 0'.0'' 	FL:XLiveController.cpp(308)
2013/11/22 10:24:43 	T 	kuaipan 	000019ec:00001568 	CTraceStack In, CXLiveController::TryLogin : (null) 	FL:XLiveController.cpp(315)
2013/11/22 10:24:43 	T 	kuaipan 	000019ec:00001568 	CTraceStack Out,CXLiveController::TryLogin : UserTime: 0'.110'' 	FL:XLiveController.cpp(315)
2013/11/22 10:24:43 	T 	kuaipan 	000019ec:00001568 	CTraceStack In, CXLiveController::Mount : (null) 	FL:XLiveController.cpp(123)
2013/11/22 10:24:43 	T 	kuaipan 	000019ec:00001568 	CTraceStack In, CSyncCenter::_MountKLiveDrive() : (null) 	FL:EncryptDisk.cpp(86)
2013/11/22 10:24:43 	T 	kuaipan 	000019ec:00001568 	CTraceStack In, CDriverHelper::HasWriteRights() : (null) 	FL:DriverHelper.cpp(917)
2013/11/22 10:24:43 	T 	kuaipan 	000019ec:00001568 	CTraceStack Out,CDriverHelper::HasWriteRights() : hr = 0, UserTime: 0'.15' 	FL:DriverHelper.cpp(917)
2013/11/22 10:24:43 	T 	kuaipan 	000019ec:00001568 	CTraceStack In, CDriverHelper::IsVolumeCompressed() : (null) 	FL:DriverHelper.cpp(881)
2013/11/22 10:24:43 	T 	kuaipan 	000019ec:00001568 	CTraceStack Out,CDriverHelper::IsVolumeCompressed() : hr = 0, UserTime: 0'.0' 	FL:DriverHelper.cpp(881)
2013/11/22 10:24:43 	T 	kuaipan 	000019ec:00001568 	CTraceStack In, CDriverHelper::MountVolumeAsDefault : (null) 	FL:DriverHelper.cpp(696)
2013/11/22 10:24:44 	T 	kuaipan 	000019ec:00001568 	CTraceStack Out,CDriverHelper::MountVolumeAsDefault : hr = 0, UserTime: 0'.390' 	FL:DriverHelper.cpp(696)
2013/11/22 10:24:44 	T 	kuaipan 	000019ec:00001568 	CTraceStack Out,CSyncCenter::_MountKLiveDrive() : hr = 0, UserTime: 0'.904' 	FL:EncryptDisk.cpp(86)
2013/11/22 10:24:44 	T 	kuaipan 	000019ec:00001568 	CTraceStack Out,CXLiveController::Mount : UserTime: 0'.904'' 	FL:XLiveController.cpp(123)
2013/11/22 10:24:44 	T 	kuaipan 	000019ec:00001568 	CTraceStack In, CXLiveController::StartSync : (null) 	FL:XLiveController.cpp(613)
2013/11/22 10:24:44 	T 	kuaipan 	000019ec:00001568 	CTraceStack In, CNetworkMonitor::Init : (null) 	FL:networkmonitor.cpp(49)
2013/11/22 10:24:44 	T 	kuaipan 	000019ec:00001568 	CTraceStack In, CThreadPool::Run : (null) 	FL:threadpool.cpp(104)
2013/11/22 10:24:44 	T 	kuaipan 	000019ec:00001568 	CTraceStack Out,CThreadPool::Run : UserTime: 0'.0'' 	FL:threadpool.cpp(104)
2013/11/22 10:24:44 	T 	kuaipan 	000019ec:00001568 	CTraceStack Out,CNetworkMonitor::Init : UserTime: 0'.16'' 	FL:networkmonitor.cpp(49)
2013/11/22 10:24:44 	I 	kuaipan 	000019ec:00001568 	°ó¶¨Â·¾¶ : X:\ 	FL:XLiveController.cpp(622)
2013/11/22 10:24:46 	T 	kuaipan 	000019ec:00001774 	CTraceStack In, CThreadPool::Run : (null) 	FL:threadpool.cpp(104)
2013/11/22 10:24:46 	T 	kuaipan 	000019ec:00001774 	CTraceStack Out,CThreadPool::Run : UserTime: 0'.0'' 	FL:threadpool.cpp(104)
2013/11/22 10:24:46 	T 	kuaipan 	000019ec:00001774 	CTraceStack In, CThreadPool::Run : (null) 	FL:threadpool.cpp(104)
2013/11/22 10:24:46 	T 	kuaipan 	000019ec:00001774 	CTraceStack Out,CThreadPool::Run : UserTime: 0'.0'' 	FL:threadpool.cpp(104)
2013/11/22 10:24:47 	T 	kuaipan 	000019ec:00001db8 	[Block IN] 	FL:ShareFileManager.cpp(953)
2013/11/22 10:24:47 	T 	kuaipan 	000019ec:00001db8 	[Block OUT] 	FL:ShareFileManager.cpp(953)
2013/11/22 10:24:47 	T 	kuaipan 	000019ec:00001774 	CTraceStack In, CThreadPool::Run : (null) 	FL:threadpool.cpp(104)
2013/11/22 10:24:47 	T 	kuaipan 	000019ec:00001774 	CTraceStack Out,CThreadPool::Run : UserTime: 0'.0'' 	FL:threadpool.cpp(104)
2013/11/22 10:24:47 	T 	kuaipan 	000019ec:00001568 	CTraceStack In, CDirectoryChangesMonitor::StartMonitor() : (null) 	FL:DirectoryChangesMonitor.cpp(65)
2013/11/22 10:24:47 	T 	kuaipan 	000019ec:00001568 	CTraceStack Out,CDirectoryChangesMonitor::StartMonitor() : hr = 0, UserTime: 0'.0' 	FL:DirectoryChangesMonitor.cpp(65)
2013/11/22 10:24:47 	T 	kuaipan 	000019ec:00001568 	CTraceStack Out,CXLiveController::StartSync : UserTime: 2'.808'' 	FL:XLiveController.cpp(613)
2013/11/22 10:24:47 	T 	kuaipan 	000019ec:00001568 	CTraceStack In, CThreadPool::Run : (null) 	FL:threadpool.cpp(104)
2013/11/22 10:24:47 	T 	kuaipan 	000019ec:00001568 	CTraceStack Out,CThreadPool::Run : UserTime: 0'.0'' 	FL:threadpool.cpp(104)
2013/11/22 10:24:47 	T 	kuaipan 	000019ec:00001568 	CTraceStack Out,CMainForm::Start : hr = 0, UserTime: 4'.9' 	FL:MainForm.cpp(2148)
2013/11/22 10:24:54 	E 	kuaipan 	000019ec:00001774 	*ASSERT*: m_hTrayWnd && m_hTraybar 	FL:balloontrack.cpp(158)
2013/11/22 10:24:58 	I 	kuaipan 	000019ec:00001774 	path: X:\ 	FL:../xliveshell_hlp.h(324)
2013/11/22 10:25:00 	T 	kuaipan 	000019ec:00001d7c 	[Block IN] 	FL:BridgePanel.cpp(1044)
2013/11/22 10:25:00 	T 	kuaipan 	000019ec:00001d7c 	[Block OUT] 	FL:BridgePanel.cpp(1044)
2013/11/22 10:25:22 	T 	kuaipan 	000019ec:00001774 	CTraceStack In, CThreadPool::Run : (null) 	FL:threadpool.cpp(104)
2013/11/22 10:25:22 	T 	kuaipan 	000019ec:00001774 	CTraceStack Out,CThreadPool::Run : UserTime: 0'.0'' 	FL:threadpool.cpp(104)
2013/11/22 10:25:23 	T 	kuaipan 	000019ec:00001e10 	CTraceStack In, CThreadPool::Run : (null) 	FL:threadpool.cpp(104)
2013/11/22 10:25:23 	T 	kuaipan 	000019ec:00001e10 	CTraceStack Out,CThreadPool::Run : UserTime: 0'.0'' 	FL:threadpool.cpp(104)
2013/11/22 10:25:23 	I 	kuaipan 	000019ec:00001568 	Checkin Success! 	FL:Dlg/CheckInDlg.h(260)
2013/11/22 10:26:16 	T 	kuaipan 	000019ec:00001774 	CTraceStack In, CThreadPool::Run : (null) 	FL:threadpool.cpp(104)
2013/11/22 10:26:16 	T 	kuaipan 	000019ec:00001774 	CTraceStack Out,CThreadPool::Run : UserTime: 0'.0'' 	FL:threadpool.cpp(104)
2013/11/22 10:39:02 	T 	kuaipan 	000019ec:00001774 	CTraceStack In, CXLiveController::PauseSync : (null) 	FL:XLiveController.cpp(792)
2013/11/22 10:39:03 	T 	kuaipan 	000019ec:00001774 	CTraceStack Out,CXLiveController::PauseSync : UserTime: 0'.62'' 	FL:XLiveController.cpp(792)
2013/11/22 10:39:03 	I 	kuaipan 	000019ec:00001774 	SendInfoByUDP syncError: 4400000000000 	FL:XTrayIcon.cpp(716)
2013/11/22 10:39:03 	I 	kuaipan 	000019ec:00001774 	SendInfoByUDP syncError: 8400000000000 	FL:XTrayIcon.cpp(716)
2013/11/22 10:42:24 	I 	kuaipan 	000019ec:00001774 	SendInfoByUDP syncError: 400000000000 	FL:XTrayIcon.cpp(716)
2013/11/22 10:43:59 	T 	kuaipan 	000019ec:00001774 	CTraceStack In, CMainForm::OnLogFile : (null) 	FL:MainForm.cpp(1741)
