2013/11/20 00:02:29 	T 	kuaipan 	00000d18:00000d1c 	CTraceStack In, CThreadPool::Run : (null) 	FL:threadpool.cpp(104)
2013/11/20 00:02:29 	T 	kuaipan 	00000d18:00000d1c 	CTraceStack Out,CThreadPool::Run : UserTime: 0'.16'' 	FL:threadpool.cpp(104)
2013/11/20 00:02:29 	T 	kuaipan 	00000d18:00000d1c 	CTraceStack In, CThreadPool::Run : (null) 	FL:threadpool.cpp(104)
2013/11/20 00:02:29 	T 	kuaipan 	00000d18:00000d1c 	CTraceStack Out,CThreadPool::Run : UserTime: 0'.0'' 	FL:threadpool.cpp(104)
2013/11/20 00:04:00 	T 	kuaipan 	00000d18:00000d1c 	CTraceStack In, CThreadPool::Run : (null) 	FL:threadpool.cpp(104)
2013/11/20 00:04:00 	T 	kuaipan 	00000d18:00000d1c 	CTraceStack Out,CThreadPool::Run : UserTime: 0'.0'' 	FL:threadpool.cpp(104)
2013/11/20 00:32:29 	T 	kuaipan 	00000d18:00000d1c 	CTraceStack In, CThreadPool::Run : (null) 	FL:threadpool.cpp(104)
2013/11/20 00:32:29 	T 	kuaipan 	00000d18:00000d1c 	CTraceStack Out,CThreadPool::Run : UserTime: 0'.16'' 	FL:threadpool.cpp(104)
2013/11/20 00:32:29 	T 	kuaipan 	00000d18:00000d1c 	CTraceStack In, CThreadPool::Run : (null) 	FL:threadpool.cpp(104)
2013/11/20 00:32:29 	T 	kuaipan 	00000d18:00000d1c 	CTraceStack Out,CThreadPool::Run : UserTime: 0'.0'' 	FL:threadpool.cpp(104)
2013/11/20 00:34:00 	T 	kuaipan 	00000d18:00000d1c 	CTraceStack In, CThreadPool::Run : (null) 	FL:threadpool.cpp(104)
2013/11/20 00:34:00 	T 	kuaipan 	00000d18:00000d1c 	CTraceStack Out,CThreadPool::Run : UserTime: 0'.0'' 	FL:threadpool.cpp(104)
2013/11/20 01:02:29 	T 	kuaipan 	00000d18:00000d1c 	CTraceStack In, CThreadPool::Run : (null) 	FL:threadpool.cpp(104)
2013/11/20 01:02:29 	T 	kuaipan 	00000d18:00000d1c 	CTraceStack Out,CThreadPool::Run : UserTime: 0'.16'' 	FL:threadpool.cpp(104)
2013/11/20 01:02:29 	T 	kuaipan 	00000d18:00000d1c 	CTraceStack In, CThreadPool::Run : (null) 	FL:threadpool.cpp(104)
2013/11/20 01:02:29 	T 	kuaipan 	00000d18:00000d1c 	CTraceStack Out,CThreadPool::Run : UserTime: 0'.0'' 	FL:threadpool.cpp(104)
2013/11/20 01:04:00 	T 	kuaipan 	00000d18:00000d1c 	CTraceStack In, CThreadPool::Run : (null) 	FL:threadpool.cpp(104)
2013/11/20 01:04:00 	T 	kuaipan 	00000d18:00000d1c 	CTraceStack Out,CThreadPool::Run : UserTime: 0'.0'' 	FL:threadpool.cpp(104)
2013/11/20 01:04:00 	T 	kuaipan 	00000d18:00000d1c 	CTraceStack In, CThreadPool::Run : (null) 	FL:threadpool.cpp(104)
2013/11/20 01:04:00 	T 	kuaipan 	00000d18:00000d1c 	CTraceStack Out,CThreadPool::Run : UserTime: 0'.0'' 	FL:threadpool.cpp(104)
2013/11/20 01:32:29 	T 	kuaipan 	00000d18:00000d1c 	CTraceStack In, CThreadPool::Run : (null) 	FL:threadpool.cpp(104)
2013/11/20 01:32:29 	T 	kuaipan 	00000d18:00000d1c 	CTraceStack Out,CThreadPool::Run : UserTime: 0'.0'' 	FL:threadpool.cpp(104)
2013/11/20 01:32:29 	T 	kuaipan 	00000d18:00000d1c 	CTraceStack In, CThreadPool::Run : (null) 	FL:threadpool.cpp(104)
2013/11/20 01:32:29 	T 	kuaipan 	00000d18:00000d1c 	CTraceStack Out,CThreadPool::Run : UserTime: 0'.0'' 	FL:threadpool.cpp(104)
2013/11/20 01:34:00 	T 	kuaipan 	00000d18:00000d1c 	CTraceStack In, CThreadPool::Run : (null) 	FL:threadpool.cpp(104)
2013/11/20 01:34:00 	T 	kuaipan 	00000d18:00000d1c 	CTraceStack Out,CThreadPool::Run : UserTime: 0'.0'' 	FL:threadpool.cpp(104)
2013/11/20 02:02:29 	T 	kuaipan 	00000d18:00000d1c 	CTraceStack In, CThreadPool::Run : (null) 	FL:threadpool.cpp(104)
2013/11/20 02:02:29 	T 	kuaipan 	00000d18:00000d1c 	CTraceStack Out,CThreadPool::Run : UserTime: 0'.16'' 	FL:threadpool.cpp(104)
2013/11/20 02:02:29 	T 	kuaipan 	00000d18:00000d1c 	CTraceStack In, CThreadPool::Run : (null) 	FL:threadpool.cpp(104)
2013/11/20 02:02:29 	T 	kuaipan 	00000d18:00000d1c 	CTraceStack Out,CThreadPool::Run : UserTime: 0'.15'' 	FL:threadpool.cpp(104)
2013/11/20 02:04:00 	T 	kuaipan 	00000d18:00000d1c 	CTraceStack In, CThreadPool::Run : (null) 	FL:threadpool.cpp(104)
2013/11/20 02:04:00 	T 	kuaipan 	00000d18:00000d1c 	CTraceStack Out,CThreadPool::Run : UserTime: 0'.0'' 	FL:threadpool.cpp(104)
2013/11/20 02:32:29 	T 	kuaipan 	00000d18:00000d1c 	CTraceStack In, CThreadPool::Run : (null) 	FL:threadpool.cpp(104)
2013/11/20 02:32:29 	T 	kuaipan 	00000d18:00000d1c 	CTraceStack Out,CThreadPool::Run : UserTime: 0'.0'' 	FL:threadpool.cpp(104)
2013/11/20 02:32:29 	T 	kuaipan 	00000d18:00000d1c 	CTraceStack In, CThreadPool::Run : (null) 	FL:threadpool.cpp(104)
2013/11/20 02:32:29 	T 	kuaipan 	00000d18:00000d1c 	CTraceStack Out,CThreadPool::Run : UserTime: 0'.0'' 	FL:threadpool.cpp(104)
2013/11/20 02:34:00 	T 	kuaipan 	00000d18:00000d1c 	CTraceStack In, CThreadPool::Run : (null) 	FL:threadpool.cpp(104)
2013/11/20 02:34:00 	T 	kuaipan 	00000d18:00000d1c 	CTraceStack Out,CThreadPool::Run : UserTime: 0'.0'' 	FL:threadpool.cpp(104)
2013/11/20 03:02:29 	T 	kuaipan 	00000d18:00000d1c 	CTraceStack In, CThreadPool::Run : (null) 	FL:threadpool.cpp(104)
2013/11/20 03:02:29 	T 	kuaipan 	00000d18:00000d1c 	CTraceStack Out,CThreadPool::Run : UserTime: 0'.0'' 	FL:threadpool.cpp(104)
2013/11/20 03:02:29 	T 	kuaipan 	00000d18:00000d1c 	CTraceStack In, CThreadPool::Run : (null) 	FL:threadpool.cpp(104)
2013/11/20 03:02:29 	T 	kuaipan 	00000d18:00000d1c 	CTraceStack Out,CThreadPool::Run : UserTime: 0'.0'' 	FL:threadpool.cpp(104)
2013/11/20 03:04:00 	T 	kuaipan 	00000d18:00000d1c 	CTraceStack In, CThreadPool::Run : (null) 	FL:threadpool.cpp(104)
2013/11/20 03:04:00 	T 	kuaipan 	00000d18:00000d1c 	CTraceStack Out,CThreadPool::Run : UserTime: 0'.0'' 	FL:threadpool.cpp(104)
2013/11/20 03:32:29 	T 	kuaipan 	00000d18:00000d1c 	CTraceStack In, CThreadPool::Run : (null) 	FL:threadpool.cpp(104)
2013/11/20 03:32:29 	T 	kuaipan 	00000d18:00000d1c 	CTraceStack Out,CThreadPool::Run : UserTime: 0'.0'' 	FL:threadpool.cpp(104)
2013/11/20 03:32:29 	T 	kuaipan 	00000d18:00000d1c 	CTraceStack In, CThreadPool::Run : (null) 	FL:threadpool.cpp(104)
2013/11/20 03:32:29 	T 	kuaipan 	00000d18:00000d1c 	CTraceStack Out,CThreadPool::Run : UserTime: 0'.0'' 	FL:threadpool.cpp(104)
2013/11/20 03:34:00 	T 	kuaipan 	00000d18:00000d1c 	CTraceStack In, CThreadPool::Run : (null) 	FL:threadpool.cpp(104)
2013/11/20 03:34:00 	T 	kuaipan 	00000d18:00000d1c 	CTraceStack Out,CThreadPool::Run : UserTime: 0'.0'' 	FL:threadpool.cpp(104)
2013/11/20 04:02:29 	T 	kuaipan 	00000d18:00000d1c 	CTraceStack In, CThreadPool::Run : (null) 	FL:threadpool.cpp(104)
2013/11/20 04:02:29 	T 	kuaipan 	00000d18:00000d1c 	CTraceStack Out,CThreadPool::Run : UserTime: 0'.0'' 	FL:threadpool.cpp(104)
2013/11/20 04:02:29 	T 	kuaipan 	00000d18:00000d1c 	CTraceStack In, CThreadPool::Run : (null) 	FL:threadpool.cpp(104)
2013/11/20 04:02:29 	T 	kuaipan 	00000d18:00000d1c 	CTraceStack Out,CThreadPool::Run : UserTime: 0'.0'' 	FL:threadpool.cpp(104)
2013/11/20 04:04:00 	T 	kuaipan 	00000d18:00000d1c 	CTraceStack In, CThreadPool::Run : (null) 	FL:threadpool.cpp(104)
2013/11/20 04:04:00 	T 	kuaipan 	00000d18:00000d1c 	CTraceStack Out,CThreadPool::Run : UserTime: 0'.0'' 	FL:threadpool.cpp(104)
2013/11/20 04:04:00 	T 	kuaipan 	00000d18:00000d1c 	CTraceStack In, CThreadPool::Run : (null) 	FL:threadpool.cpp(104)
2013/11/20 04:04:00 	T 	kuaipan 	00000d18:00000d1c 	CTraceStack Out,CThreadPool::Run : UserTime: 0'.0'' 	FL:threadpool.cpp(104)
2013/11/20 04:32:29 	T 	kuaipan 	00000d18:00000d1c 	CTraceStack In, CThreadPool::Run : (null) 	FL:threadpool.cpp(104)
2013/11/20 04:32:29 	T 	kuaipan 	00000d18:00000d1c 	CTraceStack Out,CThreadPool::Run : UserTime: 0'.0'' 	FL:threadpool.cpp(104)
2013/11/20 04:32:29 	T 	kuaipan 	00000d18:00000d1c 	CTraceStack In, CThreadPool::Run : (null) 	FL:threadpool.cpp(104)
2013/11/20 04:32:29 	T 	kuaipan 	00000d18:00000d1c 	CTraceStack Out,CThreadPool::Run : UserTime: 0'.0'' 	FL:threadpool.cpp(104)
2013/11/20 04:34:00 	T 	kuaipan 	00000d18:00000d1c 	CTraceStack In, CThreadPool::Run : (null) 	FL:threadpool.cpp(104)
2013/11/20 04:34:00 	T 	kuaipan 	00000d18:00000d1c 	CTraceStack Out,CThreadPool::Run : UserTime: 0'.0'' 	FL:threadpool.cpp(104)
2013/11/20 05:02:29 	T 	kuaipan 	00000d18:00000d1c 	CTraceStack In, CThreadPool::Run : (null) 	FL:threadpool.cpp(104)
2013/11/20 05:02:29 	T 	kuaipan 	00000d18:00000d1c 	CTraceStack Out,CThreadPool::Run : UserTime: 0'.0'' 	FL:threadpool.cpp(104)
2013/11/20 05:02:29 	T 	kuaipan 	00000d18:00000d1c 	CTraceStack In, CThreadPool::Run : (null) 	FL:threadpool.cpp(104)
2013/11/20 05:02:29 	T 	kuaipan 	00000d18:00000d1c 	CTraceStack Out,CThreadPool::Run : UserTime: 0'.0'' 	FL:threadpool.cpp(104)
2013/11/20 05:04:00 	T 	kuaipan 	00000d18:00000d1c 	CTraceStack In, CThreadPool::Run : (null) 	FL:threadpool.cpp(104)
2013/11/20 05:04:00 	T 	kuaipan 	00000d18:00000d1c 	CTraceStack Out,CThreadPool::Run : UserTime: 0'.0'' 	FL:threadpool.cpp(104)
2013/11/20 05:32:29 	T 	kuaipan 	00000d18:00000d1c 	CTraceStack In, CThreadPool::Run : (null) 	FL:threadpool.cpp(104)
2013/11/20 05:32:29 	T 	kuaipan 	00000d18:00000d1c 	CTraceStack Out,CThreadPool::Run : UserTime: 0'.0'' 	FL:threadpool.cpp(104)
2013/11/20 05:32:29 	T 	kuaipan 	00000d18:00000d1c 	CTraceStack In, CThreadPool::Run : (null) 	FL:threadpool.cpp(104)
2013/11/20 05:32:29 	T 	kuaipan 	00000d18:00000d1c 	CTraceStack Out,CThreadPool::Run : UserTime: 0'.0'' 	FL:threadpool.cpp(104)
2013/11/20 05:34:00 	T 	kuaipan 	00000d18:00000d1c 	CTraceStack In, CThreadPool::Run : (null) 	FL:threadpool.cpp(104)
2013/11/20 05:34:00 	T 	kuaipan 	00000d18:00000d1c 	CTraceStack Out,CThreadPool::Run : UserTime: 0'.0'' 	FL:threadpool.cpp(104)
2013/11/20 06:02:29 	T 	kuaipan 	00000d18:00000d1c 	CTraceStack In, CThreadPool::Run : (null) 	FL:threadpool.cpp(104)
2013/11/20 06:02:29 	T 	kuaipan 	00000d18:00000d1c 	CTraceStack Out,CThreadPool::Run : UserTime: 0'.0'' 	FL:threadpool.cpp(104)
2013/11/20 06:02:29 	T 	kuaipan 	00000d18:00000d1c 	CTraceStack In, CThreadPool::Run : (null) 	FL:threadpool.cpp(104)
2013/11/20 06:02:29 	T 	kuaipan 	00000d18:00000d1c 	CTraceStack Out,CThreadPool::Run : UserTime: 0'.0'' 	FL:threadpool.cpp(104)
2013/11/20 06:04:00 	T 	kuaipan 	00000d18:00000d1c 	CTraceStack In, CThreadPool::Run : (null) 	FL:threadpool.cpp(104)
2013/11/20 06:04:00 	T 	kuaipan 	00000d18:00000d1c 	CTraceStack Out,CThreadPool::Run : UserTime: 0'.0'' 	FL:threadpool.cpp(104)
2013/11/20 06:32:29 	T 	kuaipan 	00000d18:00000d1c 	CTraceStack In, CThreadPool::Run : (null) 	FL:threadpool.cpp(104)
2013/11/20 06:32:29 	T 	kuaipan 	00000d18:00000d1c 	CTraceStack Out,CThreadPool::Run : UserTime: 0'.0'' 	FL:threadpool.cpp(104)
2013/11/20 06:32:29 	T 	kuaipan 	00000d18:00000d1c 	CTraceStack In, CThreadPool::Run : (null) 	FL:threadpool.cpp(104)
2013/11/20 06:32:29 	T 	kuaipan 	00000d18:00000d1c 	CTraceStack Out,CThreadPool::Run : UserTime: 0'.16'' 	FL:threadpool.cpp(104)
2013/11/20 06:34:00 	T 	kuaipan 	00000d18:00000d1c 	CTraceStack In, CThreadPool::Run : (null) 	FL:threadpool.cpp(104)
2013/11/20 06:34:00 	T 	kuaipan 	00000d18:00000d1c 	CTraceStack Out,CThreadPool::Run : UserTime: 0'.0'' 	FL:threadpool.cpp(104)
2013/11/20 07:02:29 	T 	kuaipan 	00000d18:00000d1c 	CTraceStack In, CThreadPool::Run : (null) 	FL:threadpool.cpp(104)
2013/11/20 07:02:29 	T 	kuaipan 	00000d18:00000d1c 	CTraceStack Out,CThreadPool::Run : UserTime: 0'.0'' 	FL:threadpool.cpp(104)
2013/11/20 07:02:29 	T 	kuaipan 	00000d18:00000d1c 	CTraceStack In, CThreadPool::Run : (null) 	FL:threadpool.cpp(104)
2013/11/20 07:02:29 	T 	kuaipan 	00000d18:00000d1c 	CTraceStack Out,CThreadPool::Run : UserTime: 0'.0'' 	FL:threadpool.cpp(104)
2013/11/20 07:04:00 	T 	kuaipan 	00000d18:00000d1c 	CTraceStack In, CThreadPool::Run : (null) 	FL:threadpool.cpp(104)
2013/11/20 07:04:00 	T 	kuaipan 	00000d18:00000d1c 	CTraceStack Out,CThreadPool::Run : UserTime: 0'.0'' 	FL:threadpool.cpp(104)
2013/11/20 07:04:00 	T 	kuaipan 	00000d18:00000d1c 	CTraceStack In, CThreadPool::Run : (null) 	FL:threadpool.cpp(104)
2013/11/20 07:04:00 	T 	kuaipan 	00000d18:00000d1c 	CTraceStack Out,CThreadPool::Run : UserTime: 0'.0'' 	FL:threadpool.cpp(104)
2013/11/20 07:31:28 	W 	kuaipan 	00000d18:00002a34 	ERROR_CHECK_BOOL:XLIVE_OK == ret 	FL:LibCurlHttpPostRequest.cpp(56)
2013/11/20 07:32:29 	T 	kuaipan 	00000d18:00000d1c 	CTraceStack In, CThreadPool::Run : (null) 	FL:threadpool.cpp(104)
2013/11/20 07:32:29 	T 	kuaipan 	00000d18:00000d1c 	CTraceStack Out,CThreadPool::Run : UserTime: 0'.0'' 	FL:threadpool.cpp(104)
2013/11/20 07:32:29 	T 	kuaipan 	00000d18:00000d1c 	CTraceStack In, CThreadPool::Run : (null) 	FL:threadpool.cpp(104)
2013/11/20 07:32:29 	T 	kuaipan 	00000d18:00000d1c 	CTraceStack Out,CThreadPool::Run : UserTime: 0'.0'' 	FL:threadpool.cpp(104)
2013/11/20 07:34:00 	T 	kuaipan 	00000d18:00000d1c 	CTraceStack In, CThreadPool::Run : (null) 	FL:threadpool.cpp(104)
2013/11/20 07:34:00 	T 	kuaipan 	00000d18:00000d1c 	CTraceStack Out,CThreadPool::Run : UserTime: 0'.0'' 	FL:threadpool.cpp(104)
2013/11/20 08:02:29 	T 	kuaipan 	00000d18:00000d1c 	CTraceStack In, CThreadPool::Run : (null) 	FL:threadpool.cpp(104)
2013/11/20 08:02:29 	T 	kuaipan 	00000d18:00000d1c 	CTraceStack Out,CThreadPool::Run : UserTime: 0'.0'' 	FL:threadpool.cpp(104)
2013/11/20 08:02:29 	T 	kuaipan 	00000d18:00000d1c 	CTraceStack In, CThreadPool::Run : (null) 	FL:threadpool.cpp(104)
2013/11/20 08:02:29 	T 	kuaipan 	00000d18:00000d1c 	CTraceStack Out,CThreadPool::Run : UserTime: 0'.0'' 	FL:threadpool.cpp(104)
2013/11/20 08:04:00 	T 	kuaipan 	00000d18:00000d1c 	CTraceStack In, CThreadPool::Run : (null) 	FL:threadpool.cpp(104)
2013/11/20 08:04:00 	T 	kuaipan 	00000d18:00000d1c 	CTraceStack Out,CThreadPool::Run : UserTime: 0'.0'' 	FL:threadpool.cpp(104)
2013/11/20 08:16:28 	W 	kuaipan 	00000d18:00000e7c 	ERROR_CHECK_BOOL:XLIVE_OK == ret 	FL:LibCurlHttpPostRequest.cpp(56)
2013/11/20 08:25:30 	W 	kuaipan 	00000d18:00001c10 	ERROR_CHECK_BOOL:XLIVE_OK == ret 	FL:LibCurlHttpPostRequest.cpp(56)
2013/11/20 08:32:29 	T 	kuaipan 	00000d18:00000d1c 	CTraceStack In, CThreadPool::Run : (null) 	FL:threadpool.cpp(104)
2013/11/20 08:32:29 	T 	kuaipan 	00000d18:00000d1c 	CTraceStack Out,CThreadPool::Run : UserTime: 0'.0'' 	FL:threadpool.cpp(104)
2013/11/20 08:32:29 	T 	kuaipan 	00000d18:00000d1c 	CTraceStack In, CThreadPool::Run : (null) 	FL:threadpool.cpp(104)
2013/11/20 08:32:29 	T 	kuaipan 	00000d18:00000d1c 	CTraceStack Out,CThreadPool::Run : UserTime: 0'.0'' 	FL:threadpool.cpp(104)
2013/11/20 08:34:00 	T 	kuaipan 	00000d18:00000d1c 	CTraceStack In, CThreadPool::Run : (null) 	FL:threadpool.cpp(104)
2013/11/20 08:34:00 	T 	kuaipan 	00000d18:00000d1c 	CTraceStack Out,CThreadPool::Run : UserTime: 0'.0'' 	FL:threadpool.cpp(104)
2013/11/20 08:39:03 	W 	kuaipan 	00000d18:00000794 	ERROR_CHECK_BOOL:XLIVE_OK == ret 	FL:LibCurlHttpPostRequest.cpp(56)
2013/11/20 08:52:36 	W 	kuaipan 	00000d18:000023cc 	ERROR_CHECK_BOOL:XLIVE_OK == ret 	FL:LibCurlHttpPostRequest.cpp(56)
2013/11/20 09:01:38 	W 	kuaipan 	00000d18:00001114 	ERROR_CHECK_BOOL:XLIVE_OK == ret 	FL:LibCurlHttpPostRequest.cpp(56)
2013/11/20 09:02:29 	T 	kuaipan 	00000d18:00000d1c 	CTraceStack In, CThreadPool::Run : (null) 	FL:threadpool.cpp(104)
2013/11/20 09:02:29 	T 	kuaipan 	00000d18:00000d1c 	CTraceStack Out,CThreadPool::Run : UserTime: 0'.0'' 	FL:threadpool.cpp(104)
2013/11/20 09:02:29 	T 	kuaipan 	00000d18:00000d1c 	CTraceStack In, CThreadPool::Run : (null) 	FL:threadpool.cpp(104)
2013/11/20 09:02:29 	T 	kuaipan 	00000d18:00000d1c 	CTraceStack Out,CThreadPool::Run : UserTime: 0'.0'' 	FL:threadpool.cpp(104)
2013/11/20 09:04:00 	T 	kuaipan 	00000d18:00000d1c 	CTraceStack In, CThreadPool::Run : (null) 	FL:threadpool.cpp(104)
2013/11/20 09:04:00 	T 	kuaipan 	00000d18:00000d1c 	CTraceStack Out,CThreadPool::Run : UserTime: 0'.0'' 	FL:threadpool.cpp(104)
2013/11/20 09:10:40 	W 	kuaipan 	00000d18:00001b48 	ERROR_CHECK_BOOL:XLIVE_OK == ret 	FL:LibCurlHttpPostRequest.cpp(56)
2013/11/20 09:15:11 	W 	kuaipan 	00000d18:00000830 	ERROR_CHECK_BOOL:XLIVE_OK == ret 	FL:LibCurlHttpPostRequest.cpp(56)
2013/11/20 09:32:29 	T 	kuaipan 	00000d18:00000d1c 	CTraceStack In, CThreadPool::Run : (null) 	FL:threadpool.cpp(104)
2013/11/20 09:32:29 	T 	kuaipan 	00000d18:00000d1c 	CTraceStack Out,CThreadPool::Run : UserTime: 0'.0'' 	FL:threadpool.cpp(104)
2013/11/20 09:32:29 	T 	kuaipan 	00000d18:00000d1c 	CTraceStack In, CThreadPool::Run : (null) 	FL:threadpool.cpp(104)
2013/11/20 09:32:29 	T 	kuaipan 	00000d18:00000d1c 	CTraceStack Out,CThreadPool::Run : UserTime: 0'.0'' 	FL:threadpool.cpp(104)
2013/11/20 09:34:00 	T 	kuaipan 	00000d18:00000d1c 	CTraceStack In, CThreadPool::Run : (null) 	FL:threadpool.cpp(104)
2013/11/20 09:34:00 	T 	kuaipan 	00000d18:00000d1c 	CTraceStack Out,CThreadPool::Run : UserTime: 0'.0'' 	FL:threadpool.cpp(104)
2013/11/20 09:46:48 	W 	kuaipan 	00000d18:00000608 	ERROR_CHECK_BOOL:XLIVE_OK == ret 	FL:LibCurlHttpPostRequest.cpp(56)
2013/11/20 09:51:19 	W 	kuaipan 	00000d18:000017c0 	ERROR_CHECK_BOOL:XLIVE_OK == ret 	FL:LibCurlHttpPostRequest.cpp(56)
2013/11/20 10:00:21 	W 	kuaipan 	00000d18:00001c10 	ERROR_CHECK_BOOL:XLIVE_OK == ret 	FL:LibCurlHttpPostRequest.cpp(56)
2013/11/20 10:02:29 	T 	kuaipan 	00000d18:00000d1c 	CTraceStack In, CThreadPool::Run : (null) 	FL:threadpool.cpp(104)
2013/11/20 10:02:29 	T 	kuaipan 	00000d18:00000d1c 	CTraceStack Out,CThreadPool::Run : UserTime: 0'.0'' 	FL:threadpool.cpp(104)
2013/11/20 10:02:29 	T 	kuaipan 	00000d18:00000d1c 	CTraceStack In, CThreadPool::Run : (null) 	FL:threadpool.cpp(104)
2013/11/20 10:02:29 	T 	kuaipan 	00000d18:00000d1c 	CTraceStack Out,CThreadPool::Run : UserTime: 0'.0'' 	FL:threadpool.cpp(104)
2013/11/20 10:04:00 	T 	kuaipan 	00000d18:00000d1c 	CTraceStack In, CThreadPool::Run : (null) 	FL:threadpool.cpp(104)
2013/11/20 10:04:00 	T 	kuaipan 	00000d18:00000d1c 	CTraceStack Out,CThreadPool::Run : UserTime: 0'.0'' 	FL:threadpool.cpp(104)
2013/11/20 10:04:00 	T 	kuaipan 	00000d18:00000d1c 	CTraceStack In, CThreadPool::Run : (null) 	FL:threadpool.cpp(104)
2013/11/20 10:04:00 	T 	kuaipan 	00000d18:00000d1c 	CTraceStack Out,CThreadPool::Run : UserTime: 0'.0'' 	FL:threadpool.cpp(104)
2013/11/20 10:32:29 	T 	kuaipan 	00000d18:00000d1c 	CTraceStack In, CThreadPool::Run : (null) 	FL:threadpool.cpp(104)
2013/11/20 10:32:29 	T 	kuaipan 	00000d18:00000d1c 	CTraceStack Out,CThreadPool::Run : UserTime: 0'.0'' 	FL:threadpool.cpp(104)
2013/11/20 10:32:29 	T 	kuaipan 	00000d18:00000d1c 	CTraceStack In, CThreadPool::Run : (null) 	FL:threadpool.cpp(104)
2013/11/20 10:32:29 	T 	kuaipan 	00000d18:00000d1c 	CTraceStack Out,CThreadPool::Run : UserTime: 0'.0'' 	FL:threadpool.cpp(104)
2013/11/20 10:34:00 	T 	kuaipan 	00000d18:00000d1c 	CTraceStack In, CThreadPool::Run : (null) 	FL:threadpool.cpp(104)
2013/11/20 10:34:00 	T 	kuaipan 	00000d18:00000d1c 	CTraceStack Out,CThreadPool::Run : UserTime: 0'.0'' 	FL:threadpool.cpp(104)
2013/11/20 10:45:31 	W 	kuaipan 	00000d18:00002668 	ERROR_CHECK_BOOL:XLIVE_OK == ret 	FL:LibCurlHttpPostRequest.cpp(56)
2013/11/20 11:02:29 	T 	kuaipan 	00000d18:00000d1c 	CTraceStack In, CThreadPool::Run : (null) 	FL:threadpool.cpp(104)
2013/11/20 11:02:29 	T 	kuaipan 	00000d18:00000d1c 	CTraceStack Out,CThreadPool::Run : UserTime: 0'.0'' 	FL:threadpool.cpp(104)
2013/11/20 11:02:29 	T 	kuaipan 	00000d18:00000d1c 	CTraceStack In, CThreadPool::Run : (null) 	FL:threadpool.cpp(104)
2013/11/20 11:02:29 	T 	kuaipan 	00000d18:00000d1c 	CTraceStack Out,CThreadPool::Run : UserTime: 0'.0'' 	FL:threadpool.cpp(104)
2013/11/20 11:04:00 	T 	kuaipan 	00000d18:00000d1c 	CTraceStack In, CThreadPool::Run : (null) 	FL:threadpool.cpp(104)
2013/11/20 11:04:00 	T 	kuaipan 	00000d18:00000d1c 	CTraceStack Out,CThreadPool::Run : UserTime: 0'.0'' 	FL:threadpool.cpp(104)
2013/11/20 11:26:10 	W 	kuaipan 	00000d18:00001f88 	ERROR_CHECK_BOOL:XLIVE_OK == ret 	FL:LibCurlHttpPostRequest.cpp(56)
2013/11/20 11:32:29 	T 	kuaipan 	00000d18:00000d1c 	CTraceStack In, CThreadPool::Run : (null) 	FL:threadpool.cpp(104)
2013/11/20 11:32:29 	T 	kuaipan 	00000d18:00000d1c 	CTraceStack Out,CThreadPool::Run : UserTime: 0'.0'' 	FL:threadpool.cpp(104)
2013/11/20 11:32:29 	T 	kuaipan 	00000d18:00000d1c 	CTraceStack In, CThreadPool::Run : (null) 	FL:threadpool.cpp(104)
2013/11/20 11:32:29 	T 	kuaipan 	00000d18:00000d1c 	CTraceStack Out,CThreadPool::Run : UserTime: 0'.0'' 	FL:threadpool.cpp(104)
2013/11/20 11:34:00 	T 	kuaipan 	00000d18:00000d1c 	CTraceStack In, CThreadPool::Run : (null) 	FL:threadpool.cpp(104)
2013/11/20 11:34:00 	T 	kuaipan 	00000d18:00000d1c 	CTraceStack Out,CThreadPool::Run : UserTime: 0'.0'' 	FL:threadpool.cpp(104)
2013/11/20 12:02:29 	T 	kuaipan 	00000d18:00000d1c 	CTraceStack In, CThreadPool::Run : (null) 	FL:threadpool.cpp(104)
2013/11/20 12:02:29 	T 	kuaipan 	00000d18:00000d1c 	CTraceStack Out,CThreadPool::Run : UserTime: 0'.0'' 	FL:threadpool.cpp(104)
2013/11/20 12:02:29 	T 	kuaipan 	00000d18:00000d1c 	CTraceStack In, CThreadPool::Run : (null) 	FL:threadpool.cpp(104)
2013/11/20 12:02:29 	T 	kuaipan 	00000d18:00000d1c 	CTraceStack Out,CThreadPool::Run : UserTime: 0'.0'' 	FL:threadpool.cpp(104)
2013/11/20 12:04:00 	T 	kuaipan 	00000d18:00000d1c 	CTraceStack In, CThreadPool::Run : (null) 	FL:threadpool.cpp(104)
2013/11/20 12:04:00 	T 	kuaipan 	00000d18:00000d1c 	CTraceStack Out,CThreadPool::Run : UserTime: 0'.0'' 	FL:threadpool.cpp(104)
2013/11/20 12:06:05 	W 	kuaipan 	00000d18:000025a4 	ERROR_CHECK_BOOL:XLIVE_OK == ret 	FL:LibCurlHttpPostRequest.cpp(56)
2013/11/20 12:10:36 	W 	kuaipan 	00000d18:00002048 	ERROR_CHECK_BOOL:XLIVE_OK == ret 	FL:LibCurlHttpPostRequest.cpp(56)
2013/11/20 12:15:07 	W 	kuaipan 	00000d18:000024f0 	ERROR_CHECK_BOOL:XLIVE_OK == ret 	FL:LibCurlHttpPostRequest.cpp(56)
2013/11/20 12:19:38 	W 	kuaipan 	00000d18:00000604 	ERROR_CHECK_BOOL:XLIVE_OK == ret 	FL:LibCurlHttpPostRequest.cpp(56)
2013/11/20 12:28:40 	W 	kuaipan 	00000d18:00002b8c 	ERROR_CHECK_BOOL:XLIVE_OK == ret 	FL:LibCurlHttpPostRequest.cpp(56)
2013/11/20 12:32:29 	T 	kuaipan 	00000d18:00000d1c 	CTraceStack In, CThreadPool::Run : (null) 	FL:threadpool.cpp(104)
2013/11/20 12:32:29 	T 	kuaipan 	00000d18:00000d1c 	CTraceStack Out,CThreadPool::Run : UserTime: 0'.0'' 	FL:threadpool.cpp(104)
2013/11/20 12:32:29 	T 	kuaipan 	00000d18:00000d1c 	CTraceStack In, CThreadPool::Run : (null) 	FL:threadpool.cpp(104)
2013/11/20 12:32:29 	T 	kuaipan 	00000d18:00000d1c 	CTraceStack Out,CThreadPool::Run : UserTime: 0'.0'' 	FL:threadpool.cpp(104)
2013/11/20 12:34:00 	T 	kuaipan 	00000d18:00000d1c 	CTraceStack In, CThreadPool::Run : (null) 	FL:threadpool.cpp(104)
2013/11/20 12:34:00 	T 	kuaipan 	00000d18:00000d1c 	CTraceStack Out,CThreadPool::Run : UserTime: 0'.0'' 	FL:threadpool.cpp(104)
2013/11/20 12:42:13 	W 	kuaipan 	00000d18:00001808 	ERROR_CHECK_BOOL:XLIVE_OK == ret 	FL:LibCurlHttpPostRequest.cpp(56)
2013/11/20 12:46:44 	W 	kuaipan 	00000d18:0000218c 	ERROR_CHECK_BOOL:XLIVE_OK == ret 	FL:LibCurlHttpPostRequest.cpp(56)
2013/11/20 12:55:46 	W 	kuaipan 	00000d18:000021ec 	ERROR_CHECK_BOOL:XLIVE_OK == ret 	FL:LibCurlHttpPostRequest.cpp(56)
2013/11/20 13:02:29 	T 	kuaipan 	00000d18:00000d1c 	CTraceStack In, CThreadPool::Run : (null) 	FL:threadpool.cpp(104)
2013/11/20 13:02:29 	T 	kuaipan 	00000d18:00000d1c 	CTraceStack Out,CThreadPool::Run : UserTime: 0'.0'' 	FL:threadpool.cpp(104)
2013/11/20 13:02:29 	T 	kuaipan 	00000d18:00000d1c 	CTraceStack In, CThreadPool::Run : (null) 	FL:threadpool.cpp(104)
2013/11/20 13:02:29 	T 	kuaipan 	00000d18:00000d1c 	CTraceStack Out,CThreadPool::Run : UserTime: 0'.0'' 	FL:threadpool.cpp(104)
2013/11/20 13:04:00 	T 	kuaipan 	00000d18:00000d1c 	CTraceStack In, CThreadPool::Run : (null) 	FL:threadpool.cpp(104)
2013/11/20 13:04:00 	T 	kuaipan 	00000d18:00000d1c 	CTraceStack Out,CThreadPool::Run : UserTime: 0'.0'' 	FL:threadpool.cpp(104)
2013/11/20 13:04:00 	T 	kuaipan 	00000d18:00000d1c 	CTraceStack In, CThreadPool::Run : (null) 	FL:threadpool.cpp(104)
2013/11/20 13:04:00 	T 	kuaipan 	00000d18:00000d1c 	CTraceStack Out,CThreadPool::Run : UserTime: 0'.0'' 	FL:threadpool.cpp(104)
2013/11/20 13:11:08 	W 	kuaipan 	00000d18:00001b38 	ERROR_CHECK_BOOL:XLIVE_OK == ret 	FL:LibCurlHttpPostRequest.cpp(56)
2013/11/20 13:20:10 	W 	kuaipan 	00000d18:00001fd8 	ERROR_CHECK_BOOL:XLIVE_OK == ret 	FL:LibCurlHttpPostRequest.cpp(56)
2013/11/20 13:29:12 	W 	kuaipan 	00000d18:00000e34 	ERROR_CHECK_BOOL:XLIVE_OK == ret 	FL:LibCurlHttpPostRequest.cpp(56)
2013/11/20 13:32:29 	T 	kuaipan 	00000d18:00000d1c 	CTraceStack In, CThreadPool::Run : (null) 	FL:threadpool.cpp(104)
2013/11/20 13:32:29 	T 	kuaipan 	00000d18:00000d1c 	CTraceStack Out,CThreadPool::Run : UserTime: 0'.0'' 	FL:threadpool.cpp(104)
2013/11/20 13:32:29 	T 	kuaipan 	00000d18:00000d1c 	CTraceStack In, CThreadPool::Run : (null) 	FL:threadpool.cpp(104)
2013/11/20 13:32:29 	T 	kuaipan 	00000d18:00000d1c 	CTraceStack Out,CThreadPool::Run : UserTime: 0'.0'' 	FL:threadpool.cpp(104)
2013/11/20 13:34:00 	T 	kuaipan 	00000d18:00000d1c 	CTraceStack In, CThreadPool::Run : (null) 	FL:threadpool.cpp(104)
2013/11/20 13:34:00 	T 	kuaipan 	00000d18:00000d1c 	CTraceStack Out,CThreadPool::Run : UserTime: 0'.0'' 	FL:threadpool.cpp(104)
2013/11/20 13:37:33 	W 	kuaipan 	00000d18:00002284 	ERROR_CHECK_BOOL:count 	FL:infocollection.cpp(583)
2013/11/20 14:01:48 	W 	kuaipan 	00000d18:0000199c 	ERROR_CHECK_BOOL:XLIVE_OK == ret 	FL:LibCurlHttpPostRequest.cpp(56)
2013/11/20 14:01:54 	W 	kuaipan 	00000d18:0000199c 	ERROR_CHECK_BOOL:XLIVE_OK == ret 	FL:LibCurlHttpPostRequest.cpp(56)
2013/11/20 14:02:29 	T 	kuaipan 	00000d18:00000d1c 	CTraceStack In, CThreadPool::Run : (null) 	FL:threadpool.cpp(104)
2013/11/20 14:02:29 	T 	kuaipan 	00000d18:00000d1c 	CTraceStack Out,CThreadPool::Run : UserTime: 0'.0'' 	FL:threadpool.cpp(104)
2013/11/20 14:02:29 	T 	kuaipan 	00000d18:00000d1c 	CTraceStack In, CThreadPool::Run : (null) 	FL:threadpool.cpp(104)
2013/11/20 14:02:29 	T 	kuaipan 	00000d18:00000d1c 	CTraceStack Out,CThreadPool::Run : UserTime: 0'.16'' 	FL:threadpool.cpp(104)
2013/11/20 14:04:00 	T 	kuaipan 	00000d18:00000d1c 	CTraceStack In, CThreadPool::Run : (null) 	FL:threadpool.cpp(104)
2013/11/20 14:04:00 	T 	kuaipan 	00000d18:00000d1c 	CTraceStack Out,CThreadPool::Run : UserTime: 0'.0'' 	FL:threadpool.cpp(104)
2013/11/20 14:32:29 	T 	kuaipan 	00000d18:00000d1c 	CTraceStack In, CThreadPool::Run : (null) 	FL:threadpool.cpp(104)
2013/11/20 14:32:29 	T 	kuaipan 	00000d18:00000d1c 	CTraceStack Out,CThreadPool::Run : UserTime: 0'.16'' 	FL:threadpool.cpp(104)
2013/11/20 14:32:29 	T 	kuaipan 	00000d18:00000d1c 	CTraceStack In, CThreadPool::Run : (null) 	FL:threadpool.cpp(104)
2013/11/20 14:32:29 	T 	kuaipan 	00000d18:00000d1c 	CTraceStack Out,CThreadPool::Run : UserTime: 0'.0'' 	FL:threadpool.cpp(104)
2013/11/20 14:34:00 	T 	kuaipan 	00000d18:00000d1c 	CTraceStack In, CThreadPool::Run : (null) 	FL:threadpool.cpp(104)
2013/11/20 14:34:00 	T 	kuaipan 	00000d18:00000d1c 	CTraceStack Out,CThreadPool::Run : UserTime: 0'.0'' 	FL:threadpool.cpp(104)
2013/11/20 14:50:44 	W 	kuaipan 	00000d18:0000199c 	ERROR_CHECK_BOOL:count 	FL:infocollection.cpp(583)
2013/11/20 15:02:29 	T 	kuaipan 	00000d18:00000d1c 	CTraceStack In, CThreadPool::Run : (null) 	FL:threadpool.cpp(104)
2013/11/20 15:02:29 	T 	kuaipan 	00000d18:00000d1c 	CTraceStack Out,CThreadPool::Run : UserTime: 0'.0'' 	FL:threadpool.cpp(104)
2013/11/20 15:02:29 	T 	kuaipan 	00000d18:00000d1c 	CTraceStack In, CThreadPool::Run : (null) 	FL:threadpool.cpp(104)
2013/11/20 15:02:29 	T 	kuaipan 	00000d18:00000d1c 	CTraceStack Out,CThreadPool::Run : UserTime: 0'.0'' 	FL:threadpool.cpp(104)
2013/11/20 15:04:00 	T 	kuaipan 	00000d18:00000d1c 	CTraceStack In, CThreadPool::Run : (null) 	FL:threadpool.cpp(104)
2013/11/20 15:04:00 	T 	kuaipan 	00000d18:00000d1c 	CTraceStack Out,CThreadPool::Run : UserTime: 0'.0'' 	FL:threadpool.cpp(104)
2013/11/20 15:32:29 	T 	kuaipan 	00000d18:00000d1c 	CTraceStack In, CThreadPool::Run : (null) 	FL:threadpool.cpp(104)
2013/11/20 15:32:29 	T 	kuaipan 	00000d18:00000d1c 	CTraceStack Out,CThreadPool::Run : UserTime: 0'.0'' 	FL:threadpool.cpp(104)
2013/11/20 15:32:29 	T 	kuaipan 	00000d18:00000d1c 	CTraceStack In, CThreadPool::Run : (null) 	FL:threadpool.cpp(104)
2013/11/20 15:32:29 	T 	kuaipan 	00000d18:00000d1c 	CTraceStack Out,CThreadPool::Run : UserTime: 0'.0'' 	FL:threadpool.cpp(104)
2013/11/20 15:34:00 	T 	kuaipan 	00000d18:00000d1c 	CTraceStack In, CThreadPool::Run : (null) 	FL:threadpool.cpp(104)
2013/11/20 15:34:00 	T 	kuaipan 	00000d18:00000d1c 	CTraceStack Out,CThreadPool::Run : UserTime: 0'.0'' 	FL:threadpool.cpp(104)
2013/11/20 16:02:29 	T 	kuaipan 	00000d18:00000d1c 	CTraceStack In, CThreadPool::Run : (null) 	FL:threadpool.cpp(104)
2013/11/20 16:02:29 	T 	kuaipan 	00000d18:00000d1c 	CTraceStack Out,CThreadPool::Run : UserTime: 0'.0'' 	FL:threadpool.cpp(104)
2013/11/20 16:02:29 	T 	kuaipan 	00000d18:00000d1c 	CTraceStack In, CThreadPool::Run : (null) 	FL:threadpool.cpp(104)
2013/11/20 16:02:29 	T 	kuaipan 	00000d18:00000d1c 	CTraceStack Out,CThreadPool::Run : UserTime: 0'.0'' 	FL:threadpool.cpp(104)
2013/11/20 16:04:00 	T 	kuaipan 	00000d18:00000d1c 	CTraceStack In, CThreadPool::Run : (null) 	FL:threadpool.cpp(104)
2013/11/20 16:04:00 	T 	kuaipan 	00000d18:00000d1c 	CTraceStack Out,CThreadPool::Run : UserTime: 0'.0'' 	FL:threadpool.cpp(104)
2013/11/20 16:04:00 	T 	kuaipan 	00000d18:00000d1c 	CTraceStack In, CThreadPool::Run : (null) 	FL:threadpool.cpp(104)
2013/11/20 16:04:00 	T 	kuaipan 	00000d18:00000d1c 	CTraceStack Out,CThreadPool::Run : UserTime: 0'.0'' 	FL:threadpool.cpp(104)
2013/11/20 16:28:56 	W 	kuaipan 	00000d18:00001d18 	ERROR_CHECK_BOOL:XLIVE_OK == ret 	FL:LibCurlHttpPostRequest.cpp(56)
2013/11/20 16:29:39 	W 	kuaipan 	00000d18:00001d18 	ERROR_CHECK_BOOL:XLIVE_OK == ret 	FL:LibCurlHttpPostRequest.cpp(56)
2013/11/20 16:32:29 	T 	kuaipan 	00000d18:00000d1c 	CTraceStack In, CThreadPool::Run : (null) 	FL:threadpool.cpp(104)
2013/11/20 16:32:29 	T 	kuaipan 	00000d18:00000d1c 	CTraceStack Out,CThreadPool::Run : UserTime: 0'.0'' 	FL:threadpool.cpp(104)
2013/11/20 16:32:29 	T 	kuaipan 	00000d18:00000d1c 	CTraceStack In, CThreadPool::Run : (null) 	FL:threadpool.cpp(104)
2013/11/20 16:32:29 	T 	kuaipan 	00000d18:00000d1c 	CTraceStack Out,CThreadPool::Run : UserTime: 0'.0'' 	FL:threadpool.cpp(104)
2013/11/20 16:34:00 	T 	kuaipan 	00000d18:00000d1c 	CTraceStack In, CThreadPool::Run : (null) 	FL:threadpool.cpp(104)
2013/11/20 16:34:00 	T 	kuaipan 	00000d18:00000d1c 	CTraceStack Out,CThreadPool::Run : UserTime: 0'.0'' 	FL:threadpool.cpp(104)
2013/11/20 16:34:10 	W 	kuaipan 	00000d18:00002894 	ERROR_CHECK_BOOL:XLIVE_OK == ret 	FL:LibCurlHttpPostRequest.cpp(56)
2013/11/20 16:43:12 	W 	kuaipan 	00000d18:000029ac 	ERROR_CHECK_BOOL:XLIVE_OK == ret 	FL:LibCurlHttpPostRequest.cpp(56)
2013/11/20 16:47:43 	W 	kuaipan 	00000d18:00002bc8 	ERROR_CHECK_BOOL:XLIVE_OK == ret 	FL:LibCurlHttpPostRequest.cpp(56)
2013/11/20 17:02:29 	T 	kuaipan 	00000d18:00000d1c 	CTraceStack In, CThreadPool::Run : (null) 	FL:threadpool.cpp(104)
2013/11/20 17:02:29 	T 	kuaipan 	00000d18:00000d1c 	CTraceStack Out,CThreadPool::Run : UserTime: 0'.0'' 	FL:threadpool.cpp(104)
2013/11/20 17:02:29 	T 	kuaipan 	00000d18:00000d1c 	CTraceStack In, CThreadPool::Run : (null) 	FL:threadpool.cpp(104)
2013/11/20 17:02:29 	T 	kuaipan 	00000d18:00000d1c 	CTraceStack Out,CThreadPool::Run : UserTime: 0'.0'' 	FL:threadpool.cpp(104)
2013/11/20 17:04:00 	T 	kuaipan 	00000d18:00000d1c 	CTraceStack In, CThreadPool::Run : (null) 	FL:threadpool.cpp(104)
2013/11/20 17:04:00 	T 	kuaipan 	00000d18:00000d1c 	CTraceStack Out,CThreadPool::Run : UserTime: 0'.0'' 	FL:threadpool.cpp(104)
2013/11/20 17:10:10 	W 	kuaipan 	00000d18:00001214 	ERROR_CHECK_BOOL:XLIVE_OK == ret 	FL:LibCurlHttpPostRequest.cpp(56)
2013/11/20 17:14:41 	W 	kuaipan 	00000d18:000021e4 	ERROR_CHECK_BOOL:XLIVE_OK == ret 	FL:LibCurlHttpPostRequest.cpp(56)
2013/11/20 17:32:29 	T 	kuaipan 	00000d18:00000d1c 	CTraceStack In, CThreadPool::Run : (null) 	FL:threadpool.cpp(104)
2013/11/20 17:32:29 	T 	kuaipan 	00000d18:00000d1c 	CTraceStack Out,CThreadPool::Run : UserTime: 0'.0'' 	FL:threadpool.cpp(104)
2013/11/20 17:32:29 	T 	kuaipan 	00000d18:00000d1c 	CTraceStack In, CThreadPool::Run : (null) 	FL:threadpool.cpp(104)
2013/11/20 17:32:29 	T 	kuaipan 	00000d18:00000d1c 	CTraceStack Out,CThreadPool::Run : UserTime: 0'.0'' 	FL:threadpool.cpp(104)
2013/11/20 17:34:00 	T 	kuaipan 	00000d18:00000d1c 	CTraceStack In, CThreadPool::Run : (null) 	FL:threadpool.cpp(104)
2013/11/20 17:34:00 	T 	kuaipan 	00000d18:00000d1c 	CTraceStack Out,CThreadPool::Run : UserTime: 0'.0'' 	FL:threadpool.cpp(104)
2013/11/20 17:41:47 	W 	kuaipan 	00000d18:00000820 	ERROR_CHECK_BOOL:XLIVE_OK == ret 	FL:LibCurlHttpPostRequest.cpp(56)
2013/11/20 17:46:18 	W 	kuaipan 	00000d18:00001a38 	ERROR_CHECK_BOOL:XLIVE_OK == ret 	FL:LibCurlHttpPostRequest.cpp(56)
2013/11/20 18:02:29 	T 	kuaipan 	00000d18:00000d1c 	CTraceStack In, CThreadPool::Run : (null) 	FL:threadpool.cpp(104)
2013/11/20 18:02:29 	T 	kuaipan 	00000d18:00000d1c 	CTraceStack Out,CThreadPool::Run : UserTime: 0'.0'' 	FL:threadpool.cpp(104)
2013/11/20 18:02:29 	T 	kuaipan 	00000d18:00000d1c 	CTraceStack In, CThreadPool::Run : (null) 	FL:threadpool.cpp(104)
2013/11/20 18:02:29 	T 	kuaipan 	00000d18:00000d1c 	CTraceStack Out,CThreadPool::Run : UserTime: 0'.0'' 	FL:threadpool.cpp(104)
2013/11/20 18:04:00 	T 	kuaipan 	00000d18:00000d1c 	CTraceStack In, CThreadPool::Run : (null) 	FL:threadpool.cpp(104)
2013/11/20 18:04:00 	T 	kuaipan 	00000d18:00000d1c 	CTraceStack Out,CThreadPool::Run : UserTime: 0'.0'' 	FL:threadpool.cpp(104)
2013/11/20 18:07:38 	W 	kuaipan 	00000d18:00000a90 	ERROR_CHECK_BOOL:XLIVE_OK == ret 	FL:LibCurlHttpPostRequest.cpp(56)
2013/11/20 18:12:09 	W 	kuaipan 	00000d18:00002a34 	ERROR_CHECK_BOOL:XLIVE_OK == ret 	FL:LibCurlHttpPostRequest.cpp(56)
2013/11/20 18:16:40 	W 	kuaipan 	00000d18:00002388 	ERROR_CHECK_BOOL:XLIVE_OK == ret 	FL:LibCurlHttpPostRequest.cpp(56)
2013/11/20 18:32:29 	T 	kuaipan 	00000d18:00000d1c 	CTraceStack In, CThreadPool::Run : (null) 	FL:threadpool.cpp(104)
2013/11/20 18:32:29 	T 	kuaipan 	00000d18:00000d1c 	CTraceStack Out,CThreadPool::Run : UserTime: 0'.0'' 	FL:threadpool.cpp(104)
2013/11/20 18:32:29 	T 	kuaipan 	00000d18:00000d1c 	CTraceStack In, CThreadPool::Run : (null) 	FL:threadpool.cpp(104)
2013/11/20 18:32:29 	T 	kuaipan 	00000d18:00000d1c 	CTraceStack Out,CThreadPool::Run : UserTime: 0'.0'' 	FL:threadpool.cpp(104)
2013/11/20 18:34:00 	T 	kuaipan 	00000d18:00000d1c 	CTraceStack In, CThreadPool::Run : (null) 	FL:threadpool.cpp(104)
2013/11/20 18:34:00 	T 	kuaipan 	00000d18:00000d1c 	CTraceStack Out,CThreadPool::Run : UserTime: 0'.0'' 	FL:threadpool.cpp(104)
2013/11/20 18:43:46 	W 	kuaipan 	00000d18:00002274 	ERROR_CHECK_BOOL:XLIVE_OK == ret 	FL:LibCurlHttpPostRequest.cpp(56)
2013/11/20 18:52:48 	W 	kuaipan 	00000d18:0000275c 	ERROR_CHECK_BOOL:XLIVE_OK == ret 	FL:LibCurlHttpPostRequest.cpp(56)
2013/11/20 19:02:29 	T 	kuaipan 	00000d18:00000d1c 	CTraceStack In, CThreadPool::Run : (null) 	FL:threadpool.cpp(104)
2013/11/20 19:02:29 	T 	kuaipan 	00000d18:00000d1c 	CTraceStack Out,CThreadPool::Run : UserTime: 0'.0'' 	FL:threadpool.cpp(104)
2013/11/20 19:02:29 	T 	kuaipan 	00000d18:00000d1c 	CTraceStack In, CThreadPool::Run : (null) 	FL:threadpool.cpp(104)
2013/11/20 19:02:29 	T 	kuaipan 	00000d18:00000d1c 	CTraceStack Out,CThreadPool::Run : UserTime: 0'.0'' 	FL:threadpool.cpp(104)
2013/11/20 19:04:00 	T 	kuaipan 	00000d18:00000d1c 	CTraceStack In, CThreadPool::Run : (null) 	FL:threadpool.cpp(104)
2013/11/20 19:04:00 	T 	kuaipan 	00000d18:00000d1c 	CTraceStack Out,CThreadPool::Run : UserTime: 0'.0'' 	FL:threadpool.cpp(104)
2013/11/20 19:04:00 	T 	kuaipan 	00000d18:00000d1c 	CTraceStack In, CThreadPool::Run : (null) 	FL:threadpool.cpp(104)
2013/11/20 19:04:00 	T 	kuaipan 	00000d18:00000d1c 	CTraceStack Out,CThreadPool::Run : UserTime: 0'.0'' 	FL:threadpool.cpp(104)
2013/11/20 19:32:29 	T 	kuaipan 	00000d18:00000d1c 	CTraceStack In, CThreadPool::Run : (null) 	FL:threadpool.cpp(104)
2013/11/20 19:32:29 	T 	kuaipan 	00000d18:00000d1c 	CTraceStack Out,CThreadPool::Run : UserTime: 0'.0'' 	FL:threadpool.cpp(104)
2013/11/20 19:32:29 	T 	kuaipan 	00000d18:00000d1c 	CTraceStack In, CThreadPool::Run : (null) 	FL:threadpool.cpp(104)
2013/11/20 19:32:29 	T 	kuaipan 	00000d18:00000d1c 	CTraceStack Out,CThreadPool::Run : UserTime: 0'.0'' 	FL:threadpool.cpp(104)
2013/11/20 19:34:00 	T 	kuaipan 	00000d18:00000d1c 	CTraceStack In, CThreadPool::Run : (null) 	FL:threadpool.cpp(104)
2013/11/20 19:34:00 	T 	kuaipan 	00000d18:00000d1c 	CTraceStack Out,CThreadPool::Run : UserTime: 0'.0'' 	FL:threadpool.cpp(104)
2013/11/20 20:02:29 	T 	kuaipan 	00000d18:00000d1c 	CTraceStack In, CThreadPool::Run : (null) 	FL:threadpool.cpp(104)
2013/11/20 20:02:29 	T 	kuaipan 	00000d18:00000d1c 	CTraceStack Out,CThreadPool::Run : UserTime: 0'.0'' 	FL:threadpool.cpp(104)
2013/11/20 20:02:29 	T 	kuaipan 	00000d18:00000d1c 	CTraceStack In, CThreadPool::Run : (null) 	FL:threadpool.cpp(104)
2013/11/20 20:02:29 	T 	kuaipan 	00000d18:00000d1c 	CTraceStack Out,CThreadPool::Run : UserTime: 0'.0'' 	FL:threadpool.cpp(104)
2013/11/20 20:04:00 	T 	kuaipan 	00000d18:00000d1c 	CTraceStack In, CThreadPool::Run : (null) 	FL:threadpool.cpp(104)
2013/11/20 20:04:00 	T 	kuaipan 	00000d18:00000d1c 	CTraceStack Out,CThreadPool::Run : UserTime: 0'.0'' 	FL:threadpool.cpp(104)
2013/11/20 20:32:29 	T 	kuaipan 	00000d18:00000d1c 	CTraceStack In, CThreadPool::Run : (null) 	FL:threadpool.cpp(104)
2013/11/20 20:32:29 	T 	kuaipan 	00000d18:00000d1c 	CTraceStack Out,CThreadPool::Run : UserTime: 0'.0'' 	FL:threadpool.cpp(104)
2013/11/20 20:32:29 	T 	kuaipan 	00000d18:00000d1c 	CTraceStack In, CThreadPool::Run : (null) 	FL:threadpool.cpp(104)
2013/11/20 20:32:29 	T 	kuaipan 	00000d18:00000d1c 	CTraceStack Out,CThreadPool::Run : UserTime: 0'.15'' 	FL:threadpool.cpp(104)
2013/11/20 20:34:00 	T 	kuaipan 	00000d18:00000d1c 	CTraceStack In, CThreadPool::Run : (null) 	FL:threadpool.cpp(104)
2013/11/20 20:34:00 	T 	kuaipan 	00000d18:00000d1c 	CTraceStack Out,CThreadPool::Run : UserTime: 0'.0'' 	FL:threadpool.cpp(104)
2013/11/20 21:02:29 	T 	kuaipan 	00000d18:00000d1c 	CTraceStack In, CThreadPool::Run : (null) 	FL:threadpool.cpp(104)
2013/11/20 21:02:29 	T 	kuaipan 	00000d18:00000d1c 	CTraceStack Out,CThreadPool::Run : UserTime: 0'.0'' 	FL:threadpool.cpp(104)
2013/11/20 21:02:29 	T 	kuaipan 	00000d18:00000d1c 	CTraceStack In, CThreadPool::Run : (null) 	FL:threadpool.cpp(104)
2013/11/20 21:02:29 	T 	kuaipan 	00000d18:00000d1c 	CTraceStack Out,CThreadPool::Run : UserTime: 0'.0'' 	FL:threadpool.cpp(104)
2013/11/20 21:04:00 	T 	kuaipan 	00000d18:00000d1c 	CTraceStack In, CThreadPool::Run : (null) 	FL:threadpool.cpp(104)
2013/11/20 21:04:00 	T 	kuaipan 	00000d18:00000d1c 	CTraceStack Out,CThreadPool::Run : UserTime: 0'.0'' 	FL:threadpool.cpp(104)
2013/11/20 21:32:29 	T 	kuaipan 	00000d18:00000d1c 	CTraceStack In, CThreadPool::Run : (null) 	FL:threadpool.cpp(104)
2013/11/20 21:32:29 	T 	kuaipan 	00000d18:00000d1c 	CTraceStack Out,CThreadPool::Run : UserTime: 0'.0'' 	FL:threadpool.cpp(104)
2013/11/20 21:32:29 	T 	kuaipan 	00000d18:00000d1c 	CTraceStack In, CThreadPool::Run : (null) 	FL:threadpool.cpp(104)
2013/11/20 21:32:29 	T 	kuaipan 	00000d18:00000d1c 	CTraceStack Out,CThreadPool::Run : UserTime: 0'.0'' 	FL:threadpool.cpp(104)
2013/11/20 21:34:00 	T 	kuaipan 	00000d18:00000d1c 	CTraceStack In, CThreadPool::Run : (null) 	FL:threadpool.cpp(104)
2013/11/20 21:34:00 	T 	kuaipan 	00000d18:00000d1c 	CTraceStack Out,CThreadPool::Run : UserTime: 0'.0'' 	FL:threadpool.cpp(104)
2013/11/20 22:02:29 	T 	kuaipan 	00000d18:00000d1c 	CTraceStack In, CThreadPool::Run : (null) 	FL:threadpool.cpp(104)
2013/11/20 22:02:29 	T 	kuaipan 	00000d18:00000d1c 	CTraceStack Out,CThreadPool::Run : UserTime: 0'.0'' 	FL:threadpool.cpp(104)
2013/11/20 22:02:29 	T 	kuaipan 	00000d18:00000d1c 	CTraceStack In, CThreadPool::Run : (null) 	FL:threadpool.cpp(104)
2013/11/20 22:02:29 	T 	kuaipan 	00000d18:00000d1c 	CTraceStack Out,CThreadPool::Run : UserTime: 0'.0'' 	FL:threadpool.cpp(104)
2013/11/20 22:04:00 	T 	kuaipan 	00000d18:00000d1c 	CTraceStack In, CThreadPool::Run : (null) 	FL:threadpool.cpp(104)
2013/11/20 22:04:00 	T 	kuaipan 	00000d18:00000d1c 	CTraceStack Out,CThreadPool::Run : UserTime: 0'.0'' 	FL:threadpool.cpp(104)
2013/11/20 22:04:00 	T 	kuaipan 	00000d18:00000d1c 	CTraceStack In, CThreadPool::Run : (null) 	FL:threadpool.cpp(104)
2013/11/20 22:04:00 	T 	kuaipan 	00000d18:00000d1c 	CTraceStack Out,CThreadPool::Run : UserTime: 0'.0'' 	FL:threadpool.cpp(104)
2013/11/20 22:32:29 	T 	kuaipan 	00000d18:00000d1c 	CTraceStack In, CThreadPool::Run : (null) 	FL:threadpool.cpp(104)
2013/11/20 22:32:29 	T 	kuaipan 	00000d18:00000d1c 	CTraceStack Out,CThreadPool::Run : UserTime: 0'.0'' 	FL:threadpool.cpp(104)
2013/11/20 22:32:29 	T 	kuaipan 	00000d18:00000d1c 	CTraceStack In, CThreadPool::Run : (null) 	FL:threadpool.cpp(104)
2013/11/20 22:32:29 	T 	kuaipan 	00000d18:00000d1c 	CTraceStack Out,CThreadPool::Run : UserTime: 0'.0'' 	FL:threadpool.cpp(104)
2013/11/20 22:34:00 	T 	kuaipan 	00000d18:00000d1c 	CTraceStack In, CThreadPool::Run : (null) 	FL:threadpool.cpp(104)
2013/11/20 22:34:00 	T 	kuaipan 	00000d18:00000d1c 	CTraceStack Out,CThreadPool::Run : UserTime: 0'.0'' 	FL:threadpool.cpp(104)
2013/11/20 23:02:29 	T 	kuaipan 	00000d18:00000d1c 	CTraceStack In, CThreadPool::Run : (null) 	FL:threadpool.cpp(104)
2013/11/20 23:02:29 	T 	kuaipan 	00000d18:00000d1c 	CTraceStack Out,CThreadPool::Run : UserTime: 0'.16'' 	FL:threadpool.cpp(104)
2013/11/20 23:02:29 	T 	kuaipan 	00000d18:00000d1c 	CTraceStack In, CThreadPool::Run : (null) 	FL:threadpool.cpp(104)
2013/11/20 23:02:29 	T 	kuaipan 	00000d18:00000d1c 	CTraceStack Out,CThreadPool::Run : UserTime: 0'.0'' 	FL:threadpool.cpp(104)
2013/11/20 23:04:00 	T 	kuaipan 	00000d18:00000d1c 	CTraceStack In, CThreadPool::Run : (null) 	FL:threadpool.cpp(104)
2013/11/20 23:04:00 	T 	kuaipan 	00000d18:00000d1c 	CTraceStack Out,CThreadPool::Run : UserTime: 0'.0'' 	FL:threadpool.cpp(104)
2013/11/20 23:32:29 	T 	kuaipan 	00000d18:00000d1c 	CTraceStack In, CThreadPool::Run : (null) 	FL:threadpool.cpp(104)
2013/11/20 23:32:29 	T 	kuaipan 	00000d18:00000d1c 	CTraceStack Out,CThreadPool::Run : UserTime: 0'.0'' 	FL:threadpool.cpp(104)
2013/11/20 23:32:29 	T 	kuaipan 	00000d18:00000d1c 	CTraceStack In, CThreadPool::Run : (null) 	FL:threadpool.cpp(104)
2013/11/20 23:32:29 	T 	kuaipan 	00000d18:00000d1c 	CTraceStack Out,CThreadPool::Run : UserTime: 0'.0'' 	FL:threadpool.cpp(104)
2013/11/20 23:34:00 	T 	kuaipan 	00000d18:00000d1c 	CTraceStack In, CThreadPool::Run : (null) 	FL:threadpool.cpp(104)
2013/11/20 23:34:00 	T 	kuaipan 	00000d18:00000d1c 	CTraceStack Out,CThreadPool::Run : UserTime: 0'.0'' 	FL:threadpool.cpp(104)
