2013/11/21 00:02:29 	T 	kuaipan 	00000d18:00000d1c 	CTraceStack In, CThreadPool::Run : (null) 	FL:threadpool.cpp(104)
2013/11/21 00:02:29 	T 	kuaipan 	00000d18:00000d1c 	CTraceStack Out,CThreadPool::Run : UserTime: 0'.16'' 	FL:threadpool.cpp(104)
2013/11/21 00:02:29 	T 	kuaipan 	00000d18:00000d1c 	CTraceStack In, CThreadPool::Run : (null) 	FL:threadpool.cpp(104)
2013/11/21 00:02:29 	T 	kuaipan 	00000d18:00000d1c 	CTraceStack Out,CThreadPool::Run : UserTime: 0'.15'' 	FL:threadpool.cpp(104)
2013/11/21 00:04:00 	T 	kuaipan 	00000d18:00000d1c 	CTraceStack In, CThreadPool::Run : (null) 	FL:threadpool.cpp(104)
2013/11/21 00:04:00 	T 	kuaipan 	00000d18:00000d1c 	CTraceStack Out,CThreadPool::Run : UserTime: 0'.0'' 	FL:threadpool.cpp(104)
2013/11/21 00:32:29 	T 	kuaipan 	00000d18:00000d1c 	CTraceStack In, CThreadPool::Run : (null) 	FL:threadpool.cpp(104)
2013/11/21 00:32:29 	T 	kuaipan 	00000d18:00000d1c 	CTraceStack Out,CThreadPool::Run : UserTime: 0'.16'' 	FL:threadpool.cpp(104)
2013/11/21 00:32:29 	T 	kuaipan 	00000d18:00000d1c 	CTraceStack In, CThreadPool::Run : (null) 	FL:threadpool.cpp(104)
2013/11/21 00:32:29 	T 	kuaipan 	00000d18:00000d1c 	CTraceStack Out,CThreadPool::Run : UserTime: 0'.0'' 	FL:threadpool.cpp(104)
2013/11/21 00:34:00 	T 	kuaipan 	00000d18:00000d1c 	CTraceStack In, CThreadPool::Run : (null) 	FL:threadpool.cpp(104)
2013/11/21 00:34:00 	T 	kuaipan 	00000d18:00000d1c 	CTraceStack Out,CThreadPool::Run : UserTime: 0'.0'' 	FL:threadpool.cpp(104)
2013/11/21 01:02:29 	T 	kuaipan 	00000d18:00000d1c 	CTraceStack In, CThreadPool::Run : (null) 	FL:threadpool.cpp(104)
2013/11/21 01:02:29 	T 	kuaipan 	00000d18:00000d1c 	CTraceStack Out,CThreadPool::Run : UserTime: 0'.16'' 	FL:threadpool.cpp(104)
2013/11/21 01:02:29 	T 	kuaipan 	00000d18:00000d1c 	CTraceStack In, CThreadPool::Run : (null) 	FL:threadpool.cpp(104)
2013/11/21 01:02:29 	T 	kuaipan 	00000d18:00000d1c 	CTraceStack Out,CThreadPool::Run : UserTime: 0'.0'' 	FL:threadpool.cpp(104)
2013/11/21 01:04:00 	T 	kuaipan 	00000d18:00000d1c 	CTraceStack In, CThreadPool::Run : (null) 	FL:threadpool.cpp(104)
2013/11/21 01:04:00 	T 	kuaipan 	00000d18:00000d1c 	CTraceStack Out,CThreadPool::Run : UserTime: 0'.0'' 	FL:threadpool.cpp(104)
2013/11/21 01:04:00 	T 	kuaipan 	00000d18:00000d1c 	CTraceStack In, CThreadPool::Run : (null) 	FL:threadpool.cpp(104)
2013/11/21 01:04:00 	T 	kuaipan 	00000d18:00000d1c 	CTraceStack Out,CThreadPool::Run : UserTime: 0'.0'' 	FL:threadpool.cpp(104)
2013/11/21 01:32:29 	T 	kuaipan 	00000d18:00000d1c 	CTraceStack In, CThreadPool::Run : (null) 	FL:threadpool.cpp(104)
2013/11/21 01:32:29 	T 	kuaipan 	00000d18:00000d1c 	CTraceStack Out,CThreadPool::Run : UserTime: 0'.16'' 	FL:threadpool.cpp(104)
2013/11/21 01:32:29 	T 	kuaipan 	00000d18:00000d1c 	CTraceStack In, CThreadPool::Run : (null) 	FL:threadpool.cpp(104)
2013/11/21 01:32:29 	T 	kuaipan 	00000d18:00000d1c 	CTraceStack Out,CThreadPool::Run : UserTime: 0'.0'' 	FL:threadpool.cpp(104)
2013/11/21 01:34:00 	T 	kuaipan 	00000d18:00000d1c 	CTraceStack In, CThreadPool::Run : (null) 	FL:threadpool.cpp(104)
2013/11/21 01:34:00 	T 	kuaipan 	00000d18:00000d1c 	CTraceStack Out,CThreadPool::Run : UserTime: 0'.0'' 	FL:threadpool.cpp(104)
2013/11/21 02:02:29 	T 	kuaipan 	00000d18:00000d1c 	CTraceStack In, CThreadPool::Run : (null) 	FL:threadpool.cpp(104)
2013/11/21 02:02:29 	T 	kuaipan 	00000d18:00000d1c 	CTraceStack Out,CThreadPool::Run : UserTime: 0'.16'' 	FL:threadpool.cpp(104)
2013/11/21 02:02:29 	T 	kuaipan 	00000d18:00000d1c 	CTraceStack In, CThreadPool::Run : (null) 	FL:threadpool.cpp(104)
2013/11/21 02:02:29 	T 	kuaipan 	00000d18:00000d1c 	CTraceStack Out,CThreadPool::Run : UserTime: 0'.0'' 	FL:threadpool.cpp(104)
2013/11/21 02:04:00 	T 	kuaipan 	00000d18:00000d1c 	CTraceStack In, CThreadPool::Run : (null) 	FL:threadpool.cpp(104)
2013/11/21 02:04:00 	T 	kuaipan 	00000d18:00000d1c 	CTraceStack Out,CThreadPool::Run : UserTime: 0'.0'' 	FL:threadpool.cpp(104)
2013/11/21 02:32:29 	T 	kuaipan 	00000d18:00000d1c 	CTraceStack In, CThreadPool::Run : (null) 	FL:threadpool.cpp(104)
2013/11/21 02:32:29 	T 	kuaipan 	00000d18:00000d1c 	CTraceStack Out,CThreadPool::Run : UserTime: 0'.0'' 	FL:threadpool.cpp(104)
2013/11/21 02:32:29 	T 	kuaipan 	00000d18:00000d1c 	CTraceStack In, CThreadPool::Run : (null) 	FL:threadpool.cpp(104)
2013/11/21 02:32:29 	T 	kuaipan 	00000d18:00000d1c 	CTraceStack Out,CThreadPool::Run : UserTime: 0'.0'' 	FL:threadpool.cpp(104)
2013/11/21 02:34:00 	T 	kuaipan 	00000d18:00000d1c 	CTraceStack In, CThreadPool::Run : (null) 	FL:threadpool.cpp(104)
2013/11/21 02:34:00 	T 	kuaipan 	00000d18:00000d1c 	CTraceStack Out,CThreadPool::Run : UserTime: 0'.0'' 	FL:threadpool.cpp(104)
2013/11/21 03:02:29 	T 	kuaipan 	00000d18:00000d1c 	CTraceStack In, CThreadPool::Run : (null) 	FL:threadpool.cpp(104)
2013/11/21 03:02:29 	T 	kuaipan 	00000d18:00000d1c 	CTraceStack Out,CThreadPool::Run : UserTime: 0'.16'' 	FL:threadpool.cpp(104)
2013/11/21 03:02:29 	T 	kuaipan 	00000d18:00000d1c 	CTraceStack In, CThreadPool::Run : (null) 	FL:threadpool.cpp(104)
2013/11/21 03:02:29 	T 	kuaipan 	00000d18:00000d1c 	CTraceStack Out,CThreadPool::Run : UserTime: 0'.0'' 	FL:threadpool.cpp(104)
2013/11/21 03:04:00 	T 	kuaipan 	00000d18:00000d1c 	CTraceStack In, CThreadPool::Run : (null) 	FL:threadpool.cpp(104)
2013/11/21 03:04:00 	T 	kuaipan 	00000d18:00000d1c 	CTraceStack Out,CThreadPool::Run : UserTime: 0'.0'' 	FL:threadpool.cpp(104)
2013/11/21 03:12:15 	W 	kuaipan 	00000d18:00002ae4 	ERROR_CHECK_BOOL:XLIVE_OK == ret 	FL:LibCurlHttpPostRequest.cpp(56)
2013/11/21 03:32:29 	T 	kuaipan 	00000d18:00000d1c 	CTraceStack In, CThreadPool::Run : (null) 	FL:threadpool.cpp(104)
2013/11/21 03:32:29 	T 	kuaipan 	00000d18:00000d1c 	CTraceStack Out,CThreadPool::Run : UserTime: 0'.0'' 	FL:threadpool.cpp(104)
2013/11/21 03:32:29 	T 	kuaipan 	00000d18:00000d1c 	CTraceStack In, CThreadPool::Run : (null) 	FL:threadpool.cpp(104)
2013/11/21 03:32:29 	T 	kuaipan 	00000d18:00000d1c 	CTraceStack Out,CThreadPool::Run : UserTime: 0'.0'' 	FL:threadpool.cpp(104)
2013/11/21 03:34:00 	T 	kuaipan 	00000d18:00000d1c 	CTraceStack In, CThreadPool::Run : (null) 	FL:threadpool.cpp(104)
2013/11/21 03:34:00 	T 	kuaipan 	00000d18:00000d1c 	CTraceStack Out,CThreadPool::Run : UserTime: 0'.0'' 	FL:threadpool.cpp(104)
2013/11/21 03:57:25 	W 	kuaipan 	00000d18:000015e0 	ERROR_CHECK_BOOL:XLIVE_OK == ret 	FL:LibCurlHttpPostRequest.cpp(56)
2013/11/21 04:02:29 	T 	kuaipan 	00000d18:00000d1c 	CTraceStack In, CThreadPool::Run : (null) 	FL:threadpool.cpp(104)
2013/11/21 04:02:29 	T 	kuaipan 	00000d18:00000d1c 	CTraceStack Out,CThreadPool::Run : UserTime: 0'.0'' 	FL:threadpool.cpp(104)
2013/11/21 04:02:29 	T 	kuaipan 	00000d18:00000d1c 	CTraceStack In, CThreadPool::Run : (null) 	FL:threadpool.cpp(104)
2013/11/21 04:02:29 	T 	kuaipan 	00000d18:00000d1c 	CTraceStack Out,CThreadPool::Run : UserTime: 0'.0'' 	FL:threadpool.cpp(104)
2013/11/21 04:04:00 	T 	kuaipan 	00000d18:00000d1c 	CTraceStack In, CThreadPool::Run : (null) 	FL:threadpool.cpp(104)
2013/11/21 04:04:00 	T 	kuaipan 	00000d18:00000d1c 	CTraceStack Out,CThreadPool::Run : UserTime: 0'.0'' 	FL:threadpool.cpp(104)
2013/11/21 04:04:00 	T 	kuaipan 	00000d18:00000d1c 	CTraceStack In, CThreadPool::Run : (null) 	FL:threadpool.cpp(104)
2013/11/21 04:04:00 	T 	kuaipan 	00000d18:00000d1c 	CTraceStack Out,CThreadPool::Run : UserTime: 0'.0'' 	FL:threadpool.cpp(104)
2013/11/21 04:22:39 	W 	kuaipan 	00000d18:000015bc 	ERROR_CHECK_BOOL:XLIVE_OK == ret 	FL:LibCurlHttpPostRequest.cpp(56)
2013/11/21 04:31:41 	W 	kuaipan 	00000d18:000022d4 	ERROR_CHECK_BOOL:XLIVE_OK == ret 	FL:LibCurlHttpPostRequest.cpp(56)
2013/11/21 04:32:29 	T 	kuaipan 	00000d18:00000d1c 	CTraceStack In, CThreadPool::Run : (null) 	FL:threadpool.cpp(104)
2013/11/21 04:32:29 	T 	kuaipan 	00000d18:00000d1c 	CTraceStack Out,CThreadPool::Run : UserTime: 0'.0'' 	FL:threadpool.cpp(104)
2013/11/21 04:32:29 	T 	kuaipan 	00000d18:00000d1c 	CTraceStack In, CThreadPool::Run : (null) 	FL:threadpool.cpp(104)
2013/11/21 04:32:29 	T 	kuaipan 	00000d18:00000d1c 	CTraceStack Out,CThreadPool::Run : UserTime: 0'.0'' 	FL:threadpool.cpp(104)
2013/11/21 04:34:00 	T 	kuaipan 	00000d18:00000d1c 	CTraceStack In, CThreadPool::Run : (null) 	FL:threadpool.cpp(104)
2013/11/21 04:34:00 	T 	kuaipan 	00000d18:00000d1c 	CTraceStack Out,CThreadPool::Run : UserTime: 0'.0'' 	FL:threadpool.cpp(104)
2013/11/21 04:49:45 	W 	kuaipan 	00000d18:00001624 	ERROR_CHECK_BOOL:XLIVE_OK == ret 	FL:LibCurlHttpPostRequest.cpp(56)
2013/11/21 05:02:29 	T 	kuaipan 	00000d18:00000d1c 	CTraceStack In, CThreadPool::Run : (null) 	FL:threadpool.cpp(104)
2013/11/21 05:02:29 	T 	kuaipan 	00000d18:00000d1c 	CTraceStack Out,CThreadPool::Run : UserTime: 0'.0'' 	FL:threadpool.cpp(104)
2013/11/21 05:02:29 	T 	kuaipan 	00000d18:00000d1c 	CTraceStack In, CThreadPool::Run : (null) 	FL:threadpool.cpp(104)
2013/11/21 05:02:29 	T 	kuaipan 	00000d18:00000d1c 	CTraceStack Out,CThreadPool::Run : UserTime: 0'.0'' 	FL:threadpool.cpp(104)
2013/11/21 05:03:18 	W 	kuaipan 	00000d18:00001484 	ERROR_CHECK_BOOL:XLIVE_OK == ret 	FL:LibCurlHttpPostRequest.cpp(56)
2013/11/21 05:04:00 	T 	kuaipan 	00000d18:00000d1c 	CTraceStack In, CThreadPool::Run : (null) 	FL:threadpool.cpp(104)
2013/11/21 05:04:00 	T 	kuaipan 	00000d18:00000d1c 	CTraceStack Out,CThreadPool::Run : UserTime: 0'.0'' 	FL:threadpool.cpp(104)
2013/11/21 05:07:49 	W 	kuaipan 	00000d18:00001adc 	ERROR_CHECK_BOOL:XLIVE_OK == ret 	FL:LibCurlHttpPostRequest.cpp(56)
2013/11/21 05:32:29 	T 	kuaipan 	00000d18:00000d1c 	CTraceStack In, CThreadPool::Run : (null) 	FL:threadpool.cpp(104)
2013/11/21 05:32:29 	T 	kuaipan 	00000d18:00000d1c 	CTraceStack Out,CThreadPool::Run : UserTime: 0'.0'' 	FL:threadpool.cpp(104)
2013/11/21 05:32:29 	T 	kuaipan 	00000d18:00000d1c 	CTraceStack In, CThreadPool::Run : (null) 	FL:threadpool.cpp(104)
2013/11/21 05:32:29 	T 	kuaipan 	00000d18:00000d1c 	CTraceStack Out,CThreadPool::Run : UserTime: 0'.0'' 	FL:threadpool.cpp(104)
2013/11/21 05:34:00 	T 	kuaipan 	00000d18:00000d1c 	CTraceStack In, CThreadPool::Run : (null) 	FL:threadpool.cpp(104)
2013/11/21 05:34:00 	T 	kuaipan 	00000d18:00000d1c 	CTraceStack Out,CThreadPool::Run : UserTime: 0'.0'' 	FL:threadpool.cpp(104)
2013/11/21 05:34:55 	W 	kuaipan 	00000d18:000026ec 	ERROR_CHECK_BOOL:XLIVE_OK == ret 	FL:LibCurlHttpPostRequest.cpp(56)
2013/11/21 05:39:26 	W 	kuaipan 	00000d18:00002b8c 	ERROR_CHECK_BOOL:XLIVE_OK == ret 	FL:LibCurlHttpPostRequest.cpp(56)
2013/11/21 06:02:29 	T 	kuaipan 	00000d18:00000d1c 	CTraceStack In, CThreadPool::Run : (null) 	FL:threadpool.cpp(104)
2013/11/21 06:02:29 	T 	kuaipan 	00000d18:00000d1c 	CTraceStack Out,CThreadPool::Run : UserTime: 0'.0'' 	FL:threadpool.cpp(104)
2013/11/21 06:02:29 	T 	kuaipan 	00000d18:00000d1c 	CTraceStack In, CThreadPool::Run : (null) 	FL:threadpool.cpp(104)
2013/11/21 06:02:29 	T 	kuaipan 	00000d18:00000d1c 	CTraceStack Out,CThreadPool::Run : UserTime: 0'.0'' 	FL:threadpool.cpp(104)
2013/11/21 06:03:06 	W 	kuaipan 	00000d18:000027dc 	ERROR_CHECK_BOOL:XLIVE_OK == ret 	FL:LibCurlHttpPostRequest.cpp(56)
2013/11/21 06:04:00 	T 	kuaipan 	00000d18:00000d1c 	CTraceStack In, CThreadPool::Run : (null) 	FL:threadpool.cpp(104)
2013/11/21 06:04:00 	T 	kuaipan 	00000d18:00000d1c 	CTraceStack Out,CThreadPool::Run : UserTime: 0'.0'' 	FL:threadpool.cpp(104)
2013/11/21 06:07:37 	W 	kuaipan 	00000d18:00001e24 	ERROR_CHECK_BOOL:XLIVE_OK == ret 	FL:LibCurlHttpPostRequest.cpp(56)
2013/11/21 06:22:55 	W 	kuaipan 	00000d18:00001abc 	ERROR_CHECK_BOOL:XLIVE_OK == ret 	FL:LibCurlHttpPostRequest.cpp(56)
2013/11/21 06:32:29 	T 	kuaipan 	00000d18:00000d1c 	CTraceStack In, CThreadPool::Run : (null) 	FL:threadpool.cpp(104)
2013/11/21 06:32:29 	T 	kuaipan 	00000d18:00000d1c 	CTraceStack Out,CThreadPool::Run : UserTime: 0'.0'' 	FL:threadpool.cpp(104)
2013/11/21 06:32:29 	T 	kuaipan 	00000d18:00000d1c 	CTraceStack In, CThreadPool::Run : (null) 	FL:threadpool.cpp(104)
2013/11/21 06:32:29 	T 	kuaipan 	00000d18:00000d1c 	CTraceStack Out,CThreadPool::Run : UserTime: 0'.0'' 	FL:threadpool.cpp(104)
2013/11/21 06:34:00 	T 	kuaipan 	00000d18:00000d1c 	CTraceStack In, CThreadPool::Run : (null) 	FL:threadpool.cpp(104)
2013/11/21 06:34:00 	T 	kuaipan 	00000d18:00000d1c 	CTraceStack Out,CThreadPool::Run : UserTime: 0'.0'' 	FL:threadpool.cpp(104)
2013/11/21 06:40:59 	W 	kuaipan 	00000d18:00001954 	ERROR_CHECK_BOOL:XLIVE_OK == ret 	FL:LibCurlHttpPostRequest.cpp(56)
2013/11/21 07:02:29 	T 	kuaipan 	00000d18:00000d1c 	CTraceStack In, CThreadPool::Run : (null) 	FL:threadpool.cpp(104)
2013/11/21 07:02:29 	T 	kuaipan 	00000d18:00000d1c 	CTraceStack Out,CThreadPool::Run : UserTime: 0'.16'' 	FL:threadpool.cpp(104)
2013/11/21 07:02:29 	T 	kuaipan 	00000d18:00000d1c 	CTraceStack In, CThreadPool::Run : (null) 	FL:threadpool.cpp(104)
2013/11/21 07:02:29 	T 	kuaipan 	00000d18:00000d1c 	CTraceStack Out,CThreadPool::Run : UserTime: 0'.0'' 	FL:threadpool.cpp(104)
2013/11/21 07:04:00 	T 	kuaipan 	00000d18:00000d1c 	CTraceStack In, CThreadPool::Run : (null) 	FL:threadpool.cpp(104)
2013/11/21 07:04:00 	T 	kuaipan 	00000d18:00000d1c 	CTraceStack Out,CThreadPool::Run : UserTime: 0'.0'' 	FL:threadpool.cpp(104)
2013/11/21 07:04:00 	T 	kuaipan 	00000d18:00000d1c 	CTraceStack In, CThreadPool::Run : (null) 	FL:threadpool.cpp(104)
2013/11/21 07:04:00 	T 	kuaipan 	00000d18:00000d1c 	CTraceStack Out,CThreadPool::Run : UserTime: 0'.0'' 	FL:threadpool.cpp(104)
2013/11/21 07:32:29 	T 	kuaipan 	00000d18:00000d1c 	CTraceStack In, CThreadPool::Run : (null) 	FL:threadpool.cpp(104)
2013/11/21 07:32:29 	T 	kuaipan 	00000d18:00000d1c 	CTraceStack Out,CThreadPool::Run : UserTime: 0'.0'' 	FL:threadpool.cpp(104)
2013/11/21 07:32:29 	T 	kuaipan 	00000d18:00000d1c 	CTraceStack In, CThreadPool::Run : (null) 	FL:threadpool.cpp(104)
2013/11/21 07:32:29 	T 	kuaipan 	00000d18:00000d1c 	CTraceStack Out,CThreadPool::Run : UserTime: 0'.16'' 	FL:threadpool.cpp(104)
2013/11/21 07:34:00 	T 	kuaipan 	00000d18:00000d1c 	CTraceStack In, CThreadPool::Run : (null) 	FL:threadpool.cpp(104)
2013/11/21 07:34:00 	T 	kuaipan 	00000d18:00000d1c 	CTraceStack Out,CThreadPool::Run : UserTime: 0'.0'' 	FL:threadpool.cpp(104)
2013/11/21 08:02:29 	T 	kuaipan 	00000d18:00000d1c 	CTraceStack In, CThreadPool::Run : (null) 	FL:threadpool.cpp(104)
2013/11/21 08:02:29 	T 	kuaipan 	00000d18:00000d1c 	CTraceStack Out,CThreadPool::Run : UserTime: 0'.16'' 	FL:threadpool.cpp(104)
2013/11/21 08:02:29 	T 	kuaipan 	00000d18:00000d1c 	CTraceStack In, CThreadPool::Run : (null) 	FL:threadpool.cpp(104)
2013/11/21 08:02:29 	T 	kuaipan 	00000d18:00000d1c 	CTraceStack Out,CThreadPool::Run : UserTime: 0'.0'' 	FL:threadpool.cpp(104)
2013/11/21 08:04:00 	T 	kuaipan 	00000d18:00000d1c 	CTraceStack In, CThreadPool::Run : (null) 	FL:threadpool.cpp(104)
2013/11/21 08:04:00 	T 	kuaipan 	00000d18:00000d1c 	CTraceStack Out,CThreadPool::Run : UserTime: 0'.0'' 	FL:threadpool.cpp(104)
2013/11/21 08:32:29 	T 	kuaipan 	00000d18:00000d1c 	CTraceStack In, CThreadPool::Run : (null) 	FL:threadpool.cpp(104)
2013/11/21 08:32:29 	T 	kuaipan 	00000d18:00000d1c 	CTraceStack Out,CThreadPool::Run : UserTime: 0'.0'' 	FL:threadpool.cpp(104)
2013/11/21 08:32:29 	T 	kuaipan 	00000d18:00000d1c 	CTraceStack In, CThreadPool::Run : (null) 	FL:threadpool.cpp(104)
2013/11/21 08:32:29 	T 	kuaipan 	00000d18:00000d1c 	CTraceStack Out,CThreadPool::Run : UserTime: 0'.0'' 	FL:threadpool.cpp(104)
2013/11/21 08:34:00 	T 	kuaipan 	00000d18:00000d1c 	CTraceStack In, CThreadPool::Run : (null) 	FL:threadpool.cpp(104)
2013/11/21 08:34:00 	T 	kuaipan 	00000d18:00000d1c 	CTraceStack Out,CThreadPool::Run : UserTime: 0'.0'' 	FL:threadpool.cpp(104)
2013/11/21 09:02:29 	T 	kuaipan 	00000d18:00000d1c 	CTraceStack In, CThreadPool::Run : (null) 	FL:threadpool.cpp(104)
2013/11/21 09:02:29 	T 	kuaipan 	00000d18:00000d1c 	CTraceStack Out,CThreadPool::Run : UserTime: 0'.16'' 	FL:threadpool.cpp(104)
2013/11/21 09:02:29 	T 	kuaipan 	00000d18:00000d1c 	CTraceStack In, CThreadPool::Run : (null) 	FL:threadpool.cpp(104)
2013/11/21 09:02:29 	T 	kuaipan 	00000d18:00000d1c 	CTraceStack Out,CThreadPool::Run : UserTime: 0'.0'' 	FL:threadpool.cpp(104)
2013/11/21 09:04:00 	T 	kuaipan 	00000d18:00000d1c 	CTraceStack In, CThreadPool::Run : (null) 	FL:threadpool.cpp(104)
2013/11/21 09:04:00 	T 	kuaipan 	00000d18:00000d1c 	CTraceStack Out,CThreadPool::Run : UserTime: 0'.0'' 	FL:threadpool.cpp(104)
2013/11/21 09:32:29 	T 	kuaipan 	00000d18:00000d1c 	CTraceStack In, CThreadPool::Run : (null) 	FL:threadpool.cpp(104)
2013/11/21 09:32:29 	T 	kuaipan 	00000d18:00000d1c 	CTraceStack Out,CThreadPool::Run : UserTime: 0'.0'' 	FL:threadpool.cpp(104)
2013/11/21 09:32:29 	T 	kuaipan 	00000d18:00000d1c 	CTraceStack In, CThreadPool::Run : (null) 	FL:threadpool.cpp(104)
2013/11/21 09:32:29 	T 	kuaipan 	00000d18:00000d1c 	CTraceStack Out,CThreadPool::Run : UserTime: 0'.0'' 	FL:threadpool.cpp(104)
2013/11/21 09:34:00 	T 	kuaipan 	00000d18:00000d1c 	CTraceStack In, CThreadPool::Run : (null) 	FL:threadpool.cpp(104)
2013/11/21 09:34:00 	T 	kuaipan 	00000d18:00000d1c 	CTraceStack Out,CThreadPool::Run : UserTime: 0'.0'' 	FL:threadpool.cpp(104)
2013/11/21 10:02:29 	T 	kuaipan 	00000d18:00000d1c 	CTraceStack In, CThreadPool::Run : (null) 	FL:threadpool.cpp(104)
2013/11/21 10:02:29 	T 	kuaipan 	00000d18:00000d1c 	CTraceStack Out,CThreadPool::Run : UserTime: 0'.0'' 	FL:threadpool.cpp(104)
2013/11/21 10:02:29 	T 	kuaipan 	00000d18:00000d1c 	CTraceStack In, CThreadPool::Run : (null) 	FL:threadpool.cpp(104)
2013/11/21 10:02:29 	T 	kuaipan 	00000d18:00000d1c 	CTraceStack Out,CThreadPool::Run : UserTime: 0'.0'' 	FL:threadpool.cpp(104)
2013/11/21 10:04:00 	T 	kuaipan 	00000d18:00000d1c 	CTraceStack In, CThreadPool::Run : (null) 	FL:threadpool.cpp(104)
2013/11/21 10:04:00 	T 	kuaipan 	00000d18:00000d1c 	CTraceStack Out,CThreadPool::Run : UserTime: 0'.0'' 	FL:threadpool.cpp(104)
2013/11/21 10:04:00 	T 	kuaipan 	00000d18:00000d1c 	CTraceStack In, CThreadPool::Run : (null) 	FL:threadpool.cpp(104)
2013/11/21 10:04:00 	T 	kuaipan 	00000d18:00000d1c 	CTraceStack Out,CThreadPool::Run : UserTime: 0'.0'' 	FL:threadpool.cpp(104)
2013/11/21 10:09:28 	I 	kuaipan 	00000d18:000010c0 	NotifyFileChange:x:\work\新建文件夹 (3) 	FL:DirectoryChangesMonitor.cpp(233)
2013/11/21 10:09:29 	I 	kuaipan 	00000d18:00001188 	local change path:X:\work\新建文件夹 (3) 	FL:DirectoryChangesMonitor.cpp(274)
2013/11/21 10:09:35 	I 	kuaipan 	00000d18:000010c0 	NotifyFileChange:x:\work\新建文件夹 (3) 	FL:DirectoryChangesMonitor.cpp(233)
2013/11/21 10:09:35 	I 	kuaipan 	00000d18:000010c0 	NotifyFileChange:x:\work\刘盛华 	FL:DirectoryChangesMonitor.cpp(233)
2013/11/21 10:09:37 	I 	kuaipan 	00000d18:00001188 	local change path:X:\work\刘盛华 	FL:DirectoryChangesMonitor.cpp(274)
2013/11/21 10:09:37 	I 	kuaipan 	00000d18:00001188 	local change path:X:\work\新建文件夹 (3) 	FL:DirectoryChangesMonitor.cpp(274)
2013/11/21 10:09:38 	I 	kuaipan 	00000d18:000010c0 	NotifyFileChange:x:\work\刘盛华\基础平台mysql表设计-重点关注.xlsx 	FL:DirectoryChangesMonitor.cpp(233)
2013/11/21 10:09:38 	I 	kuaipan 	00000d18:000010c0 	NotifyFileChange:x:\work\刘盛华\基础平台mysql表设计-重点关注.xlsx 	FL:DirectoryChangesMonitor.cpp(233)
2013/11/21 10:09:39 	I 	kuaipan 	00000d18:000010c0 	NotifyFileChange:x:\work\刘盛华\基础平台mysql表设计-重点关注.tmp 	FL:DirectoryChangesMonitor.cpp(233)
2013/11/21 10:09:39 	I 	kuaipan 	00000d18:000010c0 	NotifyFileChange:x:\work\刘盛华\基础平台mysql表设计-重点关注.xlsx 	FL:DirectoryChangesMonitor.cpp(233)
2013/11/21 10:09:40 	I 	kuaipan 	00000d18:00001188 	local change path:X:\work\刘盛华\基础平台MySQL表设计-重点关注.tmp 	FL:DirectoryChangesMonitor.cpp(274)
2013/11/21 10:09:40 	I 	kuaipan 	00000d18:00001188 	local change path:X:\work\刘盛华\基础平台MySQL表设计-重点关注.xlsx 	FL:DirectoryChangesMonitor.cpp(274)
2013/11/21 10:10:43 	I 	kuaipan 	00000d18:000010c0 	NotifyFileChange:x:\work\刘盛华\~$基础平台mysql表设计-重点关注.xlsx 	FL:DirectoryChangesMonitor.cpp(233)
2013/11/21 10:10:44 	I 	kuaipan 	00000d18:00001188 	local change path:X:\work\刘盛华\~$基础平台MySQL表设计-重点关注.xlsx 	FL:DirectoryChangesMonitor.cpp(274)
2013/11/21 10:13:31 	T 	kuaipan 	00000d18:000013f8 	[Block IN] 	FL:BridgePanel.cpp(1044)
2013/11/21 10:13:31 	T 	kuaipan 	00000d18:000013f8 	[Block OUT] 	FL:BridgePanel.cpp(1044)
2013/11/21 10:13:35 	T 	kuaipan 	00000d18:000013f8 	[Block IN] 	FL:BridgePanel.cpp(1044)
2013/11/21 10:13:35 	T 	kuaipan 	00000d18:000013f8 	[Block OUT] 	FL:BridgePanel.cpp(1044)
2013/11/21 10:13:38 	T 	kuaipan 	00000d18:00000eb0 	[Block IN] 	FL:BridgePanel.cpp(1044)
2013/11/21 10:13:38 	T 	kuaipan 	00000d18:00000eb0 	[Block OUT] 	FL:BridgePanel.cpp(1044)
2013/11/21 10:13:38 	I 	kuaipan 	00000d18:000010c0 	NotifyFileChange:x:\work\刘盛华\重点关注正式环境前后台表变化.sql 	FL:DirectoryChangesMonitor.cpp(233)
2013/11/21 10:13:38 	I 	kuaipan 	00000d18:000010c0 	NotifyFileChange:x:\work\刘盛华\重点关注正式环境前后台表变化.sql 	FL:DirectoryChangesMonitor.cpp(233)
2013/11/21 10:13:38 	I 	kuaipan 	00000d18:000010c0 	NotifyFileChange:x:\work\刘盛华\重点关注正式环境前后台表变化.sql 	FL:DirectoryChangesMonitor.cpp(233)
2013/11/21 10:13:39 	I 	kuaipan 	00000d18:000010c0 	NotifyFileChange:x:\work\刘盛华\表结构设计新.xlsx 	FL:DirectoryChangesMonitor.cpp(233)
2013/11/21 10:13:39 	I 	kuaipan 	00000d18:000010c0 	NotifyFileChange:x:\work\刘盛华\表结构设计新.xlsx 	FL:DirectoryChangesMonitor.cpp(233)
2013/11/21 10:13:39 	I 	kuaipan 	00000d18:000010c0 	NotifyFileChange:x:\work\刘盛华\表结构设计新.xlsx 	FL:DirectoryChangesMonitor.cpp(233)
2013/11/21 10:13:40 	I 	kuaipan 	00000d18:00001188 	local change path:X:\work\刘盛华\表结构设计新.xlsx 	FL:DirectoryChangesMonitor.cpp(274)
2013/11/21 10:13:40 	I 	kuaipan 	00000d18:00001188 	local change path:X:\work\刘盛华\重点关注正式环境前后台表变化.sql 	FL:DirectoryChangesMonitor.cpp(274)
2013/11/21 10:13:46 	I 	kuaipan 	00000d18:000010c0 	NotifyFileChange:x:\work\刘盛华\~$表结构设计新.xlsx 	FL:DirectoryChangesMonitor.cpp(233)
2013/11/21 10:13:47 	I 	kuaipan 	00000d18:00001188 	local change path:X:\work\刘盛华\~$表结构设计新.xlsx 	FL:DirectoryChangesMonitor.cpp(274)
2013/11/21 10:13:48 	I 	kuaipan 	00000d18:000010c0 	NotifyFileChange:x:\work\刘盛华\表结构设计新.xlsx 	FL:DirectoryChangesMonitor.cpp(233)
2013/11/21 10:13:49 	I 	kuaipan 	00000d18:00001188 	local change path:X:\work\刘盛华\表结构设计新.xlsx 	FL:DirectoryChangesMonitor.cpp(274)
2013/11/21 10:15:49 	T 	kuaipan 	00000d18:000020c4 	[Block IN] 	FL:BridgePanel.cpp(1044)
2013/11/21 10:15:49 	T 	kuaipan 	00000d18:000020c4 	[Block OUT] 	FL:BridgePanel.cpp(1044)
2013/11/21 10:15:50 	I 	kuaipan 	00000d18:000010c0 	NotifyFileChange:x:\work\统一配置平台数据库备份\explog.txt 	FL:DirectoryChangesMonitor.cpp(233)
2013/11/21 10:15:50 	I 	kuaipan 	00000d18:000010c0 	NotifyFileChange:x:\work\统一配置平台数据库备份\explog.txt 	FL:DirectoryChangesMonitor.cpp(233)
2013/11/21 10:15:50 	I 	kuaipan 	00000d18:000010c0 	NotifyFileChange:x:\work\统一配置平台数据库备份\explog.txt 	FL:DirectoryChangesMonitor.cpp(233)
2013/11/21 10:15:52 	I 	kuaipan 	00000d18:00001188 	local change path:X:\work\统一配置平台数据库备份\explog.txt 	FL:DirectoryChangesMonitor.cpp(274)
2013/11/21 10:16:10 	T 	kuaipan 	00000d18:000013f8 	[Block IN] 	FL:BridgePanel.cpp(1044)
2013/11/21 10:16:10 	T 	kuaipan 	00000d18:000013f8 	[Block OUT] 	FL:BridgePanel.cpp(1044)
2013/11/21 10:16:10 	I 	kuaipan 	00000d18:000010c0 	NotifyFileChange:x:\work\新建文件夹 (3) 	FL:DirectoryChangesMonitor.cpp(233)
2013/11/21 10:16:12 	I 	kuaipan 	00000d18:000010c0 	NotifyFileChange:x:\work\新建文件夹 (3) 	FL:DirectoryChangesMonitor.cpp(233)
2013/11/21 10:16:12 	I 	kuaipan 	00000d18:00001188 	local change path:X:\work\新建文件夹 (3) 	FL:DirectoryChangesMonitor.cpp(274)
2013/11/21 10:16:22 	T 	kuaipan 	00000d18:00002170 	[Block IN] 	FL:BridgePanel.cpp(1044)
2013/11/21 10:16:22 	T 	kuaipan 	00000d18:00002170 	[Block OUT] 	FL:BridgePanel.cpp(1044)
2013/11/21 10:16:24 	I 	kuaipan 	00000d18:000010c0 	NotifyFileChange:x:\work\ldu\附件2：鲁东大学应用型兼职教师聘用协议书0828.doc 	FL:DirectoryChangesMonitor.cpp(233)
2013/11/21 10:16:24 	I 	kuaipan 	00000d18:000010c0 	NotifyFileChange:x:\work\ldu\附件2：鲁东大学应用型兼职教师聘用协议书0828.doc 	FL:DirectoryChangesMonitor.cpp(233)
2013/11/21 10:16:24 	I 	kuaipan 	00000d18:000010c0 	NotifyFileChange:x:\work\ldu\附件2：鲁东大学应用型兼职教师聘用协议书0828.doc 	FL:DirectoryChangesMonitor.cpp(233)
2013/11/21 10:16:24 	I 	kuaipan 	00000d18:000010c0 	NotifyFileChange:x:\work\ldu\聘书格式.doc 	FL:DirectoryChangesMonitor.cpp(233)
2013/11/21 10:16:24 	I 	kuaipan 	00000d18:000010c0 	NotifyFileChange:x:\work\ldu\聘书格式.doc 	FL:DirectoryChangesMonitor.cpp(233)
2013/11/21 10:16:24 	I 	kuaipan 	00000d18:000010c0 	NotifyFileChange:x:\work\ldu\聘书格式.doc 	FL:DirectoryChangesMonitor.cpp(233)
2013/11/21 10:16:24 	I 	kuaipan 	00000d18:000010c0 	NotifyFileChange:x:\work\ldu\烟台威尔平台技术-需求.doc 	FL:DirectoryChangesMonitor.cpp(233)
2013/11/21 10:16:24 	I 	kuaipan 	00000d18:000010c0 	NotifyFileChange:x:\work\ldu\烟台威尔平台技术-需求.doc 	FL:DirectoryChangesMonitor.cpp(233)
2013/11/21 10:16:24 	I 	kuaipan 	00000d18:000010c0 	NotifyFileChange:x:\work\ldu\烟台威尔平台技术-需求.doc 	FL:DirectoryChangesMonitor.cpp(233)
2013/11/21 10:16:25 	I 	kuaipan 	00000d18:00001188 	local change path:X:\work\ldu\烟台威尔平台技术-需求.doc 	FL:DirectoryChangesMonitor.cpp(274)
2013/11/21 10:16:25 	I 	kuaipan 	00000d18:00001188 	local change path:X:\work\ldu\聘书格式.doc 	FL:DirectoryChangesMonitor.cpp(274)
2013/11/21 10:16:25 	I 	kuaipan 	00000d18:00001188 	local change path:X:\work\ldu\附件2：鲁东大学应用型兼职教师聘用协议书0828.doc 	FL:DirectoryChangesMonitor.cpp(274)
2013/11/21 10:16:28 	T 	kuaipan 	00000d18:00001e68 	[Block IN] 	FL:BridgePanel.cpp(1044)
2013/11/21 10:16:28 	T 	kuaipan 	00000d18:00001e68 	[Block OUT] 	FL:BridgePanel.cpp(1044)
2013/11/21 10:16:29 	I 	kuaipan 	00000d18:000010c0 	NotifyFileChange:x:\work\中科联通手机申请.xlsx 	FL:DirectoryChangesMonitor.cpp(233)
2013/11/21 10:16:29 	I 	kuaipan 	00000d18:000010c0 	NotifyFileChange:x:\work\中科联通手机申请.xlsx 	FL:DirectoryChangesMonitor.cpp(233)
2013/11/21 10:16:29 	I 	kuaipan 	00000d18:000010c0 	NotifyFileChange:x:\work\中科联通手机申请.xlsx 	FL:DirectoryChangesMonitor.cpp(233)
2013/11/21 10:16:30 	I 	kuaipan 	00000d18:00001188 	local change path:X:\work\中科联通手机申请.xlsx 	FL:DirectoryChangesMonitor.cpp(274)
2013/11/21 10:18:03 	I 	kuaipan 	00000d18:00000d1c 	SendInfoByUDP syncError: 400000000000 	FL:XTrayIcon.cpp(713)
2013/11/21 10:21:26 	T 	kuaipan 	00000d18:00001a40 	[Block IN] 	FL:BridgePanel.cpp(1044)
2013/11/21 10:21:26 	T 	kuaipan 	00000d18:00001a40 	[Block OUT] 	FL:BridgePanel.cpp(1044)
2013/11/21 10:22:30 	I 	kuaipan 	00000d18:000010c0 	NotifyFileChange:x:\work\刘盛华\重点关注正式环境前后台表变化.sql 	FL:DirectoryChangesMonitor.cpp(233)
2013/11/21 10:22:30 	I 	kuaipan 	00000d18:000010c0 	NotifyFileChange:x:\work\刘盛华\重点关注正式环境前后台表变化.sql 	FL:DirectoryChangesMonitor.cpp(233)
2013/11/21 10:22:32 	I 	kuaipan 	00000d18:00001188 	local change path:X:\work\刘盛华\重点关注正式环境前后台表变化.sql 	FL:DirectoryChangesMonitor.cpp(274)
2013/11/21 10:22:44 	I 	kuaipan 	00000d18:00000d1c 	SendInfoByUDP syncError: 400000000000 	FL:XTrayIcon.cpp(713)
2013/11/21 10:23:12 	I 	kuaipan 	00000d18:000010c0 	NotifyFileChange:x:\work\刘盛华\重点关注正式环境前后台表变化.sql 	FL:DirectoryChangesMonitor.cpp(233)
2013/11/21 10:23:12 	I 	kuaipan 	00000d18:000010c0 	NotifyFileChange:x:\work\刘盛华\重点关注正式环境前后台表变化.sql 	FL:DirectoryChangesMonitor.cpp(233)
2013/11/21 10:23:14 	I 	kuaipan 	00000d18:00001188 	local change path:X:\work\刘盛华\重点关注正式环境前后台表变化.sql 	FL:DirectoryChangesMonitor.cpp(274)
2013/11/21 10:23:26 	I 	kuaipan 	00000d18:00000d1c 	SendInfoByUDP syncError: 400000000000 	FL:XTrayIcon.cpp(713)
2013/11/21 10:32:29 	T 	kuaipan 	00000d18:00000d1c 	CTraceStack In, CThreadPool::Run : (null) 	FL:threadpool.cpp(104)
2013/11/21 10:32:29 	T 	kuaipan 	00000d18:00000d1c 	CTraceStack Out,CThreadPool::Run : UserTime: 0'.0'' 	FL:threadpool.cpp(104)
2013/11/21 10:32:29 	T 	kuaipan 	00000d18:00000d1c 	CTraceStack In, CThreadPool::Run : (null) 	FL:threadpool.cpp(104)
2013/11/21 10:32:29 	T 	kuaipan 	00000d18:00000d1c 	CTraceStack Out,CThreadPool::Run : UserTime: 0'.0'' 	FL:threadpool.cpp(104)
2013/11/21 10:34:00 	T 	kuaipan 	00000d18:00000d1c 	CTraceStack In, CThreadPool::Run : (null) 	FL:threadpool.cpp(104)
2013/11/21 10:34:00 	T 	kuaipan 	00000d18:00000d1c 	CTraceStack Out,CThreadPool::Run : UserTime: 0'.0'' 	FL:threadpool.cpp(104)
2013/11/21 10:36:06 	W 	kuaipan 	00000d18:00000618 	ERROR_CHECK_BOOL:count 	FL:infocollection.cpp(583)
2013/11/21 11:02:29 	T 	kuaipan 	00000d18:00000d1c 	CTraceStack In, CThreadPool::Run : (null) 	FL:threadpool.cpp(104)
2013/11/21 11:02:29 	T 	kuaipan 	00000d18:00000d1c 	CTraceStack Out,CThreadPool::Run : UserTime: 0'.0'' 	FL:threadpool.cpp(104)
2013/11/21 11:02:29 	T 	kuaipan 	00000d18:00000d1c 	CTraceStack In, CThreadPool::Run : (null) 	FL:threadpool.cpp(104)
2013/11/21 11:02:29 	T 	kuaipan 	00000d18:00000d1c 	CTraceStack Out,CThreadPool::Run : UserTime: 0'.0'' 	FL:threadpool.cpp(104)
2013/11/21 11:04:00 	T 	kuaipan 	00000d18:00000d1c 	CTraceStack In, CThreadPool::Run : (null) 	FL:threadpool.cpp(104)
2013/11/21 11:04:00 	T 	kuaipan 	00000d18:00000d1c 	CTraceStack Out,CThreadPool::Run : UserTime: 0'.0'' 	FL:threadpool.cpp(104)
2013/11/21 11:25:54 	W 	kuaipan 	00000d18:00002e88 	ERROR_CHECK_BOOL:count 	FL:infocollection.cpp(583)
2013/11/21 11:27:08 	W 	kuaipan 	00000d18:00002e88 	ERROR_CHECK_BOOL:XLIVE_OK == ret 	FL:LibCurlHttpPostRequest.cpp(56)
2013/11/21 11:32:29 	T 	kuaipan 	00000d18:00000d1c 	CTraceStack In, CThreadPool::Run : (null) 	FL:threadpool.cpp(104)
2013/11/21 11:32:29 	T 	kuaipan 	00000d18:00000d1c 	CTraceStack Out,CThreadPool::Run : UserTime: 0'.0'' 	FL:threadpool.cpp(104)
2013/11/21 11:32:29 	T 	kuaipan 	00000d18:00000d1c 	CTraceStack In, CThreadPool::Run : (null) 	FL:threadpool.cpp(104)
2013/11/21 11:32:29 	T 	kuaipan 	00000d18:00000d1c 	CTraceStack Out,CThreadPool::Run : UserTime: 0'.0'' 	FL:threadpool.cpp(104)
2013/11/21 11:34:00 	T 	kuaipan 	00000d18:00000d1c 	CTraceStack In, CThreadPool::Run : (null) 	FL:threadpool.cpp(104)
2013/11/21 11:34:00 	T 	kuaipan 	00000d18:00000d1c 	CTraceStack Out,CThreadPool::Run : UserTime: 0'.0'' 	FL:threadpool.cpp(104)
2013/11/21 11:45:12 	W 	kuaipan 	00000d18:00001470 	ERROR_CHECK_BOOL:XLIVE_OK == ret 	FL:LibCurlHttpPostRequest.cpp(56)
2013/11/21 12:02:29 	T 	kuaipan 	00000d18:00000d1c 	CTraceStack In, CThreadPool::Run : (null) 	FL:threadpool.cpp(104)
2013/11/21 12:02:29 	T 	kuaipan 	00000d18:00000d1c 	CTraceStack Out,CThreadPool::Run : UserTime: 0'.0'' 	FL:threadpool.cpp(104)
2013/11/21 12:02:29 	T 	kuaipan 	00000d18:00000d1c 	CTraceStack In, CThreadPool::Run : (null) 	FL:threadpool.cpp(104)
2013/11/21 12:02:29 	T 	kuaipan 	00000d18:00000d1c 	CTraceStack Out,CThreadPool::Run : UserTime: 0'.0'' 	FL:threadpool.cpp(104)
2013/11/21 12:04:00 	T 	kuaipan 	00000d18:00000d1c 	CTraceStack In, CThreadPool::Run : (null) 	FL:threadpool.cpp(104)
2013/11/21 12:04:00 	T 	kuaipan 	00000d18:00000d1c 	CTraceStack Out,CThreadPool::Run : UserTime: 0'.0'' 	FL:threadpool.cpp(104)
2013/11/21 12:32:29 	T 	kuaipan 	00000d18:00000d1c 	CTraceStack In, CThreadPool::Run : (null) 	FL:threadpool.cpp(104)
2013/11/21 12:32:29 	T 	kuaipan 	00000d18:00000d1c 	CTraceStack Out,CThreadPool::Run : UserTime: 0'.0'' 	FL:threadpool.cpp(104)
2013/11/21 12:32:29 	T 	kuaipan 	00000d18:00000d1c 	CTraceStack In, CThreadPool::Run : (null) 	FL:threadpool.cpp(104)
2013/11/21 12:32:29 	T 	kuaipan 	00000d18:00000d1c 	CTraceStack Out,CThreadPool::Run : UserTime: 0'.0'' 	FL:threadpool.cpp(104)
2013/11/21 12:34:00 	T 	kuaipan 	00000d18:00000d1c 	CTraceStack In, CThreadPool::Run : (null) 	FL:threadpool.cpp(104)
2013/11/21 12:34:00 	T 	kuaipan 	00000d18:00000d1c 	CTraceStack Out,CThreadPool::Run : UserTime: 0'.0'' 	FL:threadpool.cpp(104)
2013/11/21 13:02:29 	T 	kuaipan 	00000d18:00000d1c 	CTraceStack In, CThreadPool::Run : (null) 	FL:threadpool.cpp(104)
2013/11/21 13:02:29 	T 	kuaipan 	00000d18:00000d1c 	CTraceStack Out,CThreadPool::Run : UserTime: 0'.0'' 	FL:threadpool.cpp(104)
2013/11/21 13:02:29 	T 	kuaipan 	00000d18:00000d1c 	CTraceStack In, CThreadPool::Run : (null) 	FL:threadpool.cpp(104)
2013/11/21 13:02:29 	T 	kuaipan 	00000d18:00000d1c 	CTraceStack Out,CThreadPool::Run : UserTime: 0'.0'' 	FL:threadpool.cpp(104)
2013/11/21 13:04:00 	T 	kuaipan 	00000d18:00000d1c 	CTraceStack In, CThreadPool::Run : (null) 	FL:threadpool.cpp(104)
2013/11/21 13:04:00 	T 	kuaipan 	00000d18:00000d1c 	CTraceStack Out,CThreadPool::Run : UserTime: 0'.0'' 	FL:threadpool.cpp(104)
2013/11/21 13:04:00 	T 	kuaipan 	00000d18:00000d1c 	CTraceStack In, CThreadPool::Run : (null) 	FL:threadpool.cpp(104)
2013/11/21 13:04:00 	T 	kuaipan 	00000d18:00000d1c 	CTraceStack Out,CThreadPool::Run : UserTime: 0'.15'' 	FL:threadpool.cpp(104)
2013/11/21 13:32:29 	T 	kuaipan 	00000d18:00000d1c 	CTraceStack In, CThreadPool::Run : (null) 	FL:threadpool.cpp(104)
2013/11/21 13:32:29 	T 	kuaipan 	00000d18:00000d1c 	CTraceStack Out,CThreadPool::Run : UserTime: 0'.0'' 	FL:threadpool.cpp(104)
2013/11/21 13:32:29 	T 	kuaipan 	00000d18:00000d1c 	CTraceStack In, CThreadPool::Run : (null) 	FL:threadpool.cpp(104)
2013/11/21 13:32:29 	T 	kuaipan 	00000d18:00000d1c 	CTraceStack Out,CThreadPool::Run : UserTime: 0'.0'' 	FL:threadpool.cpp(104)
2013/11/21 13:34:00 	T 	kuaipan 	00000d18:00000d1c 	CTraceStack In, CThreadPool::Run : (null) 	FL:threadpool.cpp(104)
2013/11/21 13:34:00 	T 	kuaipan 	00000d18:00000d1c 	CTraceStack Out,CThreadPool::Run : UserTime: 0'.0'' 	FL:threadpool.cpp(104)
2013/11/21 14:02:29 	T 	kuaipan 	00000d18:00000d1c 	CTraceStack In, CThreadPool::Run : (null) 	FL:threadpool.cpp(104)
2013/11/21 14:02:29 	T 	kuaipan 	00000d18:00000d1c 	CTraceStack Out,CThreadPool::Run : UserTime: 0'.0'' 	FL:threadpool.cpp(104)
2013/11/21 14:02:29 	T 	kuaipan 	00000d18:00000d1c 	CTraceStack In, CThreadPool::Run : (null) 	FL:threadpool.cpp(104)
2013/11/21 14:02:29 	T 	kuaipan 	00000d18:00000d1c 	CTraceStack Out,CThreadPool::Run : UserTime: 0'.16'' 	FL:threadpool.cpp(104)
2013/11/21 14:04:00 	T 	kuaipan 	00000d18:00000d1c 	CTraceStack In, CThreadPool::Run : (null) 	FL:threadpool.cpp(104)
2013/11/21 14:04:00 	T 	kuaipan 	00000d18:00000d1c 	CTraceStack Out,CThreadPool::Run : UserTime: 0'.0'' 	FL:threadpool.cpp(104)
2013/11/21 14:15:03 	I 	kuaipan 	000006b0:000006b4 	_MakeBootOptimize time :14. 	FL:(null)(750)
2013/11/21 14:15:03 	I 	kuaipan 	000006b0:000006b4 	CAppKuaipan::Init() Skin Path:D:\Program Files (x86)\Kingsoft\Klive\skin\. 	FL:(null)(103)
2013/11/21 14:15:03 	T 	kuaipan 	000006b0:000006b4 	Get Register Key/Value HKEY_CURRENT_USER\Software\KLive\DiskType Failed! 	FL:xliveshell_hlp.h(1488)
2013/11/21 14:15:03 	T 	kuaipan 	000006b0:000006b4 	Get Register Key/Value HKEY_CURRENT_USER\Software\KLive\processorNum Failed! 	FL:xliveshell_hlp.h(1488)
2013/11/21 14:15:03 	I 	kuaipan 	000006b0:000006b4 	SetProcessAffinityMask processor num = 3 	FL:(null)(56)
2013/11/21 14:15:03 	I 	kuaipan 	000006b0:000006b4 	CAppKuaipan::ProcessCmdLine -AutoRun 	FL:(null)(342)
2013/11/21 14:15:11 	T 	kuaipan 	000006b0:000006b4 	CTraceStack In, CThreadManage::Init : (null) 	FL:threadmanage.cpp(42)
2013/11/21 14:15:11 	T 	kuaipan 	000006b0:000006b4 	CTraceStack Out,CThreadManage::Init : hr = 0, UserTime: 0'.16' 	FL:threadmanage.cpp(42)
2013/11/21 14:15:11 	T 	kuaipan 	000006b0:000006b4 	CTraceStack In, CThreadPool::Run : (null) 	FL:threadpool.cpp(104)
2013/11/21 14:15:12 	T 	kuaipan 	000006b0:000006b4 	CTraceStack Out,CThreadPool::Run : UserTime: 0'.16'' 	FL:threadpool.cpp(104)
2013/11/21 14:15:17 	T 	kuaipan 	000006b0:000006b4 	CTraceStack In, CXTrayIcon::Init : (null) 	FL:XTrayIcon.cpp(78)
2013/11/21 14:15:33 	W 	kuaipan 	000006b0:00000cdc 	ERROR_CHECK_BOOL:XLIVE_OK == ret 	FL:LibCurlHttpPostRequest.cpp(56)
2013/11/21 14:15:34 	W 	kuaipan 	000006b0:00000c14 	ERROR_CHECK_BOOL:XLIVE_OK == ret 	FL:LibCurlHttpPostRequest.cpp(56)
2013/11/21 14:15:35 	T 	kuaipan 	000006b0:000006b4 	CTraceStack Out,CXTrayIcon::Init : UserTime: 17'.550'' 	FL:XTrayIcon.cpp(78)
2013/11/21 14:15:35 	T 	kuaipan 	000006b0:000006b4 	CTraceStack In, CThreadPool::Run : (null) 	FL:threadpool.cpp(104)
2013/11/21 14:15:35 	T 	kuaipan 	000006b0:000006b4 	CTraceStack Out,CThreadPool::Run : UserTime: 0'.0'' 	FL:threadpool.cpp(104)
2013/11/21 14:15:35 	T 	kuaipan 	000006b0:000006b4 	CTraceStack In, CThreadPool::Run : (null) 	FL:threadpool.cpp(104)
2013/11/21 14:15:35 	T 	kuaipan 	000006b0:00000cc8 	CTraceStack In, CUpLive::_GetAssignSvrUrl() : (null) 	FL:UpLive.cpp(842)
2013/11/21 14:15:35 	T 	kuaipan 	000006b0:000006b4 	CTraceStack Out,CThreadPool::Run : UserTime: 0'.16'' 	FL:threadpool.cpp(104)
2013/11/21 14:15:35 	I 	kuaipan 	000006b0:00000cc8 	current version is: 3.10.24.16 	FL:UpLive.cpp(847)
2013/11/21 14:15:39 	I 	kuaipan 	000006b0:00000cc8 	CUpLive::_GetAssignSvrUrl(): No need Update. 	FL:UpLive.cpp(900)
2013/11/21 14:15:39 	T 	kuaipan 	000006b0:00000cc8 	CTraceStack Out,CUpLive::_GetAssignSvrUrl() : hr = 1, UserTime: 3'.588' 	FL:UpLive.cpp(842)
2013/11/21 14:15:49 	T 	kuaipan 	000006b0:00000ccc 	CTraceStack In, CMainForm::Start : (null) 	FL:MainForm.cpp(2135)
2013/11/21 14:16:19 	T 	kuaipan 	000006b0:00000ccc 	CTraceStack In, CsyncCenter::IsUserMounted : (null) 	FL:EncryptDisk.cpp(169)
2013/11/21 14:16:21 	T 	kuaipan 	000006b0:00000ccc 	CTraceStack Out,CsyncCenter::IsUserMounted : UserTime: 1'.419'' 	FL:EncryptDisk.cpp(169)
2013/11/21 14:16:21 	T 	kuaipan 	000006b0:00000ccc 	CTraceStack In, CXLiveController::CanTryLogin : (null) 	FL:XLiveController.cpp(308)
2013/11/21 14:16:21 	T 	kuaipan 	000006b0:00000ccc 	CTraceStack Out,CXLiveController::CanTryLogin : UserTime: 0'.0'' 	FL:XLiveController.cpp(308)
2013/11/21 14:16:21 	T 	kuaipan 	000006b0:00000ccc 	CTraceStack In, CXLiveController::TryLogin : (null) 	FL:XLiveController.cpp(315)
2013/11/21 14:16:21 	T 	kuaipan 	000006b0:00000ccc 	CTraceStack Out,CXLiveController::TryLogin : UserTime: 0'.125'' 	FL:XLiveController.cpp(315)
2013/11/21 14:16:21 	T 	kuaipan 	000006b0:00000ccc 	CTraceStack In, CXLiveController::Mount : (null) 	FL:XLiveController.cpp(123)
2013/11/21 14:16:21 	T 	kuaipan 	000006b0:00000ccc 	CTraceStack In, CSyncCenter::_MountKLiveDrive() : (null) 	FL:EncryptDisk.cpp(86)
2013/11/21 14:16:21 	T 	kuaipan 	000006b0:00000ccc 	CTraceStack In, CDriverHelper::HasWriteRights() : (null) 	FL:DriverHelper.cpp(917)
2013/11/21 14:16:21 	T 	kuaipan 	000006b0:00000ccc 	CTraceStack Out,CDriverHelper::HasWriteRights() : hr = 0, UserTime: 0'.15' 	FL:DriverHelper.cpp(917)
2013/11/21 14:16:21 	T 	kuaipan 	000006b0:00000ccc 	CTraceStack In, CDriverHelper::IsVolumeCompressed() : (null) 	FL:DriverHelper.cpp(881)
2013/11/21 14:16:21 	T 	kuaipan 	000006b0:00000ccc 	CTraceStack Out,CDriverHelper::IsVolumeCompressed() : hr = 0, UserTime: 0'.0' 	FL:DriverHelper.cpp(881)
2013/11/21 14:16:21 	T 	kuaipan 	000006b0:00000ccc 	CTraceStack In, CDriverHelper::MountVolumeAsDefault : (null) 	FL:DriverHelper.cpp(696)
2013/11/21 14:16:35 	T 	kuaipan 	000006b0:00000ccc 	CTraceStack Out,CDriverHelper::MountVolumeAsDefault : hr = 0, UserTime: 14'.711' 	FL:DriverHelper.cpp(696)
2013/11/21 14:16:36 	T 	kuaipan 	000006b0:00000ccc 	CTraceStack Out,CSyncCenter::_MountKLiveDrive() : hr = 0, UserTime: 15'.257' 	FL:EncryptDisk.cpp(86)
2013/11/21 14:16:36 	T 	kuaipan 	000006b0:00000ccc 	CTraceStack Out,CXLiveController::Mount : UserTime: 15'.257'' 	FL:XLiveController.cpp(123)
2013/11/21 14:16:36 	T 	kuaipan 	000006b0:00000ccc 	CTraceStack In, CXLiveController::StartSync : (null) 	FL:XLiveController.cpp(601)
2013/11/21 14:16:36 	T 	kuaipan 	000006b0:00000ccc 	CTraceStack In, CNetworkMonitor::Init : (null) 	FL:networkmonitor.cpp(49)
2013/11/21 14:16:36 	T 	kuaipan 	000006b0:00000ccc 	CTraceStack In, CThreadPool::Run : (null) 	FL:threadpool.cpp(104)
2013/11/21 14:16:36 	T 	kuaipan 	000006b0:00000ccc 	CTraceStack Out,CThreadPool::Run : UserTime: 0'.16'' 	FL:threadpool.cpp(104)
2013/11/21 14:16:36 	T 	kuaipan 	000006b0:00000ccc 	CTraceStack Out,CNetworkMonitor::Init : UserTime: 0'.16'' 	FL:networkmonitor.cpp(49)
2013/11/21 14:16:36 	I 	kuaipan 	000006b0:00000ccc 	绑定路径 : X:\ 	FL:XLiveController.cpp(610)
2013/11/21 14:16:47 	T 	kuaipan 	000006b0:000006b4 	CTraceStack In, CThreadPool::Run : (null) 	FL:threadpool.cpp(104)
2013/11/21 14:16:47 	T 	kuaipan 	000006b0:000006b4 	CTraceStack Out,CThreadPool::Run : UserTime: 0'.0'' 	FL:threadpool.cpp(104)
2013/11/21 14:16:47 	T 	kuaipan 	000006b0:000006b4 	CTraceStack In, CThreadPool::Run : (null) 	FL:threadpool.cpp(104)
2013/11/21 14:16:47 	T 	kuaipan 	000006b0:000006b4 	CTraceStack Out,CThreadPool::Run : UserTime: 0'.15'' 	FL:threadpool.cpp(104)
2013/11/21 14:16:48 	T 	kuaipan 	000006b0:000013f4 	[Block IN] 	FL:ShareFileManager.cpp(953)
2013/11/21 14:16:50 	T 	kuaipan 	000006b0:000013f4 	[Block OUT] 	FL:ShareFileManager.cpp(953)
2013/11/21 14:16:55 	T 	kuaipan 	000006b0:000006b4 	CTraceStack In, CThreadPool::Run : (null) 	FL:threadpool.cpp(104)
2013/11/21 14:16:55 	T 	kuaipan 	000006b0:000006b4 	CTraceStack Out,CThreadPool::Run : UserTime: 0'.0'' 	FL:threadpool.cpp(104)
2013/11/21 14:16:56 	T 	kuaipan 	000006b0:00000ccc 	CTraceStack In, CDirectoryChangesMonitor::StartMonitor() : (null) 	FL:DirectoryChangesMonitor.cpp(65)
2013/11/21 14:16:56 	T 	kuaipan 	000006b0:00000ccc 	CTraceStack Out,CDirectoryChangesMonitor::StartMonitor() : hr = 0, UserTime: 0'.0' 	FL:DirectoryChangesMonitor.cpp(65)
2013/11/21 14:16:56 	T 	kuaipan 	000006b0:00000ccc 	CTraceStack Out,CXLiveController::StartSync : UserTime: 19'.843'' 	FL:XLiveController.cpp(601)
2013/11/21 14:16:56 	T 	kuaipan 	000006b0:00000ccc 	CTraceStack In, CThreadPool::Run : (null) 	FL:threadpool.cpp(104)
2013/11/21 14:16:56 	T 	kuaipan 	000006b0:00000ccc 	CTraceStack Out,CThreadPool::Run : UserTime: 0'.0'' 	FL:threadpool.cpp(104)
2013/11/21 14:16:56 	T 	kuaipan 	000006b0:00000ccc 	CTraceStack Out,CMainForm::Start : hr = 0, UserTime: 66'.722' 	FL:MainForm.cpp(2135)
2013/11/21 14:57:40 	I 	kuaipan 	00000ccc:00000cd0 	_MakeBootOptimize time :118. 	FL:(null)(750)
2013/11/21 14:57:40 	I 	kuaipan 	00000ccc:00000cd0 	CAppKuaipan::Init() Skin Path:D:\Program Files (x86)\Kingsoft\Klive\skin\. 	FL:(null)(103)
2013/11/21 14:57:41 	T 	kuaipan 	00000ccc:00000cd0 	Get Register Key/Value HKEY_CURRENT_USER\Software\KLive\DiskType Failed! 	FL:xliveshell_hlp.h(1488)
2013/11/21 14:57:41 	T 	kuaipan 	00000ccc:00000cd0 	Get Register Key/Value HKEY_CURRENT_USER\Software\KLive\processorNum Failed! 	FL:xliveshell_hlp.h(1488)
2013/11/21 14:57:41 	I 	kuaipan 	00000ccc:00000cd0 	SetProcessAffinityMask processor num = 3 	FL:(null)(56)
2013/11/21 14:57:41 	I 	kuaipan 	00000ccc:00000cd0 	CAppKuaipan::ProcessCmdLine -AutoRun 	FL:(null)(342)
2013/11/21 14:57:42 	T 	kuaipan 	00000ccc:00000cd0 	CTraceStack In, CThreadManage::Init : (null) 	FL:threadmanage.cpp(42)
2013/11/21 14:57:42 	T 	kuaipan 	00000ccc:00000cd0 	CTraceStack Out,CThreadManage::Init : hr = 0, UserTime: 0'.16' 	FL:threadmanage.cpp(42)
2013/11/21 14:57:42 	T 	kuaipan 	00000ccc:00000cd0 	CTraceStack In, CThreadPool::Run : (null) 	FL:threadpool.cpp(104)
2013/11/21 14:57:42 	T 	kuaipan 	00000ccc:00000cd0 	CTraceStack Out,CThreadPool::Run : UserTime: 0'.16'' 	FL:threadpool.cpp(104)
2013/11/21 14:57:45 	T 	kuaipan 	00000ccc:00000cd0 	CTraceStack In, CXTrayIcon::Init : (null) 	FL:XTrayIcon.cpp(78)
2013/11/21 14:57:45 	T 	kuaipan 	00000ccc:00000cd0 	CTraceStack Out,CXTrayIcon::Init : UserTime: 0'.639'' 	FL:XTrayIcon.cpp(78)
2013/11/21 14:57:45 	T 	kuaipan 	00000ccc:00000cd0 	CTraceStack In, CThreadPool::Run : (null) 	FL:threadpool.cpp(104)
2013/11/21 14:57:45 	T 	kuaipan 	00000ccc:00000cd0 	CTraceStack Out,CThreadPool::Run : UserTime: 0'.0'' 	FL:threadpool.cpp(104)
2013/11/21 14:57:45 	T 	kuaipan 	00000ccc:00000cd0 	CTraceStack In, CThreadPool::Run : (null) 	FL:threadpool.cpp(104)
2013/11/21 14:57:45 	T 	kuaipan 	00000ccc:00000cd0 	CTraceStack Out,CThreadPool::Run : UserTime: 0'.0'' 	FL:threadpool.cpp(104)
2013/11/21 14:57:45 	T 	kuaipan 	00000ccc:00000ec8 	CTraceStack In, CUpLive::_GetAssignSvrUrl() : (null) 	FL:UpLive.cpp(842)
2013/11/21 14:57:45 	I 	kuaipan 	00000ccc:00000ec8 	current version is: 3.10.24.16 	FL:UpLive.cpp(847)
2013/11/21 14:57:49 	I 	kuaipan 	00000ccc:00000ec8 	CUpLive::_GetAssignSvrUrl(): No need Update. 	FL:UpLive.cpp(900)
2013/11/21 14:57:49 	T 	kuaipan 	00000ccc:00000ec8 	CTraceStack Out,CUpLive::_GetAssignSvrUrl() : hr = 1, UserTime: 3'.650' 	FL:UpLive.cpp(842)
2013/11/21 14:57:55 	T 	kuaipan 	00000ccc:00000ecc 	CTraceStack In, CMainForm::Start : (null) 	FL:MainForm.cpp(2135)
2013/11/21 14:58:25 	T 	kuaipan 	00000ccc:00000ecc 	CTraceStack In, CsyncCenter::IsUserMounted : (null) 	FL:EncryptDisk.cpp(169)
2013/11/21 14:58:27 	T 	kuaipan 	00000ccc:00000ecc 	CTraceStack Out,CsyncCenter::IsUserMounted : UserTime: 1'.560'' 	FL:EncryptDisk.cpp(169)
2013/11/21 14:58:27 	T 	kuaipan 	00000ccc:00000ecc 	CTraceStack In, CXLiveController::CanTryLogin : (null) 	FL:XLiveController.cpp(308)
2013/11/21 14:58:27 	T 	kuaipan 	00000ccc:00000ecc 	CTraceStack Out,CXLiveController::CanTryLogin : UserTime: 0'.0'' 	FL:XLiveController.cpp(308)
2013/11/21 14:58:27 	T 	kuaipan 	00000ccc:00000ecc 	CTraceStack In, CXLiveController::TryLogin : (null) 	FL:XLiveController.cpp(315)
2013/11/21 14:58:27 	T 	kuaipan 	00000ccc:00000ecc 	CTraceStack Out,CXLiveController::TryLogin : UserTime: 0'.249'' 	FL:XLiveController.cpp(315)
2013/11/21 14:58:27 	T 	kuaipan 	00000ccc:00000ecc 	CTraceStack In, CXLiveController::Mount : (null) 	FL:XLiveController.cpp(123)
2013/11/21 14:58:27 	T 	kuaipan 	00000ccc:00000ecc 	CTraceStack In, CSyncCenter::_MountKLiveDrive() : (null) 	FL:EncryptDisk.cpp(86)
2013/11/21 14:58:27 	T 	kuaipan 	00000ccc:00000ecc 	CTraceStack In, CDriverHelper::HasWriteRights() : (null) 	FL:DriverHelper.cpp(917)
2013/11/21 14:58:27 	T 	kuaipan 	00000ccc:00000ecc 	CTraceStack Out,CDriverHelper::HasWriteRights() : hr = 0, UserTime: 0'.0' 	FL:DriverHelper.cpp(917)
2013/11/21 14:58:27 	T 	kuaipan 	00000ccc:00000ecc 	CTraceStack In, CDriverHelper::IsVolumeCompressed() : (null) 	FL:DriverHelper.cpp(881)
2013/11/21 14:58:27 	T 	kuaipan 	00000ccc:00000ecc 	CTraceStack Out,CDriverHelper::IsVolumeCompressed() : hr = 0, UserTime: 0'.0' 	FL:DriverHelper.cpp(881)
2013/11/21 14:58:27 	T 	kuaipan 	00000ccc:00000ecc 	CTraceStack In, CDriverHelper::MountVolumeAsDefault : (null) 	FL:DriverHelper.cpp(696)
2013/11/21 14:59:02 	T 	kuaipan 	00000ccc:00000ecc 	CTraceStack Out,CDriverHelper::MountVolumeAsDefault : hr = 0, UserTime: 35'.100' 	FL:DriverHelper.cpp(696)
2013/11/21 14:59:03 	T 	kuaipan 	00000ccc:00000ecc 	CTraceStack Out,CSyncCenter::_MountKLiveDrive() : hr = 0, UserTime: 35'.646' 	FL:EncryptDisk.cpp(86)
2013/11/21 14:59:03 	T 	kuaipan 	00000ccc:00000ecc 	CTraceStack Out,CXLiveController::Mount : UserTime: 35'.724'' 	FL:XLiveController.cpp(123)
2013/11/21 14:59:03 	T 	kuaipan 	00000ccc:00000ecc 	CTraceStack In, CXLiveController::StartSync : (null) 	FL:XLiveController.cpp(601)
2013/11/21 14:59:03 	T 	kuaipan 	00000ccc:00000ecc 	CTraceStack In, CNetworkMonitor::Init : (null) 	FL:networkmonitor.cpp(49)
2013/11/21 14:59:03 	T 	kuaipan 	00000ccc:00000ecc 	CTraceStack In, CThreadPool::Run : (null) 	FL:threadpool.cpp(104)
2013/11/21 14:59:03 	T 	kuaipan 	00000ccc:00000ecc 	CTraceStack Out,CThreadPool::Run : UserTime: 0'.0'' 	FL:threadpool.cpp(104)
2013/11/21 14:59:03 	T 	kuaipan 	00000ccc:00000ecc 	CTraceStack Out,CNetworkMonitor::Init : UserTime: 0'.0'' 	FL:networkmonitor.cpp(49)
2013/11/21 14:59:03 	I 	kuaipan 	00000ccc:00000ecc 	绑定路径 : X:\ 	FL:XLiveController.cpp(610)
2013/11/21 14:59:40 	T 	kuaipan 	00000ccc:00000cd0 	CTraceStack In, CThreadPool::Run : (null) 	FL:threadpool.cpp(104)
2013/11/21 14:59:40 	T 	kuaipan 	00000ccc:00000cd0 	CTraceStack Out,CThreadPool::Run : UserTime: 0'.0'' 	FL:threadpool.cpp(104)
2013/11/21 14:59:40 	T 	kuaipan 	00000ccc:00000cd0 	CTraceStack In, CThreadPool::Run : (null) 	FL:threadpool.cpp(104)
2013/11/21 14:59:40 	T 	kuaipan 	00000ccc:00000cd0 	CTraceStack Out,CThreadPool::Run : UserTime: 0'.0'' 	FL:threadpool.cpp(104)
2013/11/21 14:59:41 	T 	kuaipan 	00000ccc:0000128c 	[Block IN] 	FL:ShareFileManager.cpp(953)
2013/11/21 14:59:46 	T 	kuaipan 	00000ccc:0000128c 	[Block OUT] 	FL:ShareFileManager.cpp(953)
2013/11/21 14:59:53 	T 	kuaipan 	00000ccc:00000cd0 	CTraceStack In, CThreadPool::Run : (null) 	FL:threadpool.cpp(104)
2013/11/21 14:59:53 	T 	kuaipan 	00000ccc:00000cd0 	CTraceStack Out,CThreadPool::Run : UserTime: 0'.0'' 	FL:threadpool.cpp(104)
2013/11/21 15:00:45 	T 	kuaipan 	00000ccc:00000ecc 	CTraceStack In, CDirectoryChangesMonitor::StartMonitor() : (null) 	FL:DirectoryChangesMonitor.cpp(65)
2013/11/21 15:00:45 	T 	kuaipan 	00000ccc:00000ecc 	CTraceStack Out,CDirectoryChangesMonitor::StartMonitor() : hr = 0, UserTime: 0'.16' 	FL:DirectoryChangesMonitor.cpp(65)
2013/11/21 15:00:45 	T 	kuaipan 	00000ccc:00000ecc 	CTraceStack Out,CXLiveController::StartSync : UserTime: 102'.196'' 	FL:XLiveController.cpp(601)
2013/11/21 15:00:45 	T 	kuaipan 	00000ccc:00000ecc 	CTraceStack In, CThreadPool::Run : (null) 	FL:threadpool.cpp(104)
2013/11/21 15:00:45 	T 	kuaipan 	00000ccc:00000ecc 	CTraceStack Out,CThreadPool::Run : UserTime: 0'.16'' 	FL:threadpool.cpp(104)
2013/11/21 15:00:45 	T 	kuaipan 	00000ccc:00000ecc 	CTraceStack Out,CMainForm::Start : hr = 0, UserTime: 170'.56' 	FL:MainForm.cpp(2135)
2013/11/21 15:03:58 	T 	kuaipan 	00000ccc:00000cd0 	CTraceStack In, CMainForm::Exit : (null) 	FL:MainForm.cpp(2284)
2013/11/21 15:03:58 	T 	kuaipan 	00000ccc:00000cd0 	CTraceStack In, CXTrayIcon::UnInit : (null) 	FL:XTrayIcon.cpp(113)
2013/11/21 15:03:58 	T 	kuaipan 	00000ccc:00000cd0 	CTraceStack Out,CXTrayIcon::UnInit : UserTime: 0'.16'' 	FL:XTrayIcon.cpp(113)
2013/11/21 15:03:58 	T 	kuaipan 	00000ccc:00000cd0 	CTraceStack In, CXLiveController::EndSync : (null) 	FL:XLiveController.cpp(693)
2013/11/21 15:03:58 	T 	kuaipan 	00000ccc:00000cd0 	CTraceStack In, CDirectoryChangesMonitor::StopMonitor() : (null) 	FL:DirectoryChangesMonitor.cpp(98)
2013/11/21 15:03:58 	T 	kuaipan 	00000ccc:00000cd0 	CTraceStack Out,CDirectoryChangesMonitor::StopMonitor() : hr = 0, UserTime: 0'.0' 	FL:DirectoryChangesMonitor.cpp(98)
2013/11/21 15:04:00 	I 	kuaipan 	00000ccc:00000cd0 	SendInfoByUDP syncError: 400000000000 	FL:XTrayIcon.cpp(713)
2013/11/21 15:04:00 	E 	kuaipan 	00000ccc:00000f48 	CNetworkMonitor:: Net Change 	FL:networkmonitor.cpp(158)
2013/11/21 15:04:00 	T 	kuaipan 	00000ccc:00000cd0 	CTraceStack Out,CXLiveController::EndSync : hr = 0, UserTime: 2'.652' 	FL:XLiveController.cpp(693)
2013/11/21 15:04:00 	T 	kuaipan 	00000ccc:00000cd0 	CTraceStack In, CsyncCenter::IsUserMounted : (null) 	FL:EncryptDisk.cpp(169)
2013/11/21 15:04:00 	T 	kuaipan 	00000ccc:00000cd0 	CTraceStack Out,CsyncCenter::IsUserMounted : UserTime: 0'.0'' 	FL:EncryptDisk.cpp(169)
2013/11/21 15:04:02 	T 	kuaipan 	00000ccc:00000cd0 	CTraceStack In, CThreadPool::TerminateAll : (null) 	FL:threadpool.cpp(79)
2013/11/21 15:04:02 	T 	kuaipan 	00000ccc:00000cd0 	CTraceStack Out,CThreadPool::TerminateAll : UserTime: 0'.0'' 	FL:threadpool.cpp(79)
2013/11/21 15:04:02 	T 	kuaipan 	00000ccc:00000cd0 	CTraceStack Out,CMainForm::Exit : UserTime: 4'.961'' 	FL:MainForm.cpp(2284)
